2021/06/10 15:06 info: > Ready on http://localhost:3000
2021/06/10 15:06 info: mysql is connected successfully!
2021/06/10 15:07 info: > received SIGNIT signal
2021/06/10 15:08 info: > Ready on http://localhost:3000
2021/06/10 15:08 info: mysql is connected successfully!
2021/06/10 15:11 info: > received SIGNIT signal
2021/06/10 15:16 info: > Ready on http://localhost:3000
2021/06/10 15:16 info: mysql is connected successfully!
2021/06/10 15:19 info: > received SIGNIT signal
2021/06/10 15:19 info: > Ready on http://localhost:3000
2021/06/10 15:19 info: mysql is connected successfully!
2021/06/10 15:20 info: > Ready on http://localhost:3000
2021/06/10 15:20 info: mysql is connected successfully!
2021/06/10 15:22 info: > Ready on http://localhost:3000
2021/06/10 15:22 info: mysql is connected successfully!
2021/06/10 15:25 info: > Ready on http://localhost:3000
2021/06/10 15:25 info: mysql is connected successfully!
2021/06/10 15:26 info: > received SIGNIT signal
2021/06/10 15:26 info: > Ready on http://localhost:3000
2021/06/10 15:26 info: mysql is connected successfully!
2021/06/10 15:27 info: > Ready on http://localhost:3000
2021/06/10 15:27 info: mysql is connected successfully!
2021/06/10 15:27 info: > received SIGNIT signal
2021/06/10 15:28 info: > Ready on http://localhost:3000
2021/06/10 15:28 info: mysql is connected successfully!
2021/06/10 15:29 info: > Ready on http://localhost:3000
2021/06/10 15:29 info: mysql is connected successfully!
2021/06/10 15:30 info: > Ready on http://localhost:3000
2021/06/10 15:30 info: mysql is connected successfully!
2021/06/10 15:34 info: > Ready on http://localhost:3000
2021/06/10 15:34 info: mysql is connected successfully!
2021/06/10 15:37 info: > Ready on http://localhost:3000
2021/06/10 15:37 info: mysql is connected successfully!
2021/06/10 15:38 info: > Ready on http://localhost:3000
2021/06/10 15:38 info: mysql is connected successfully!
2021/06/10 15:39 info: > Ready on http://localhost:3000
2021/06/10 15:39 info: mysql is connected successfully!
2021/06/10 15:39 info: > Ready on http://localhost:3000
2021/06/10 15:39 info: mysql is connected successfully!
2021/06/10 15:39 info: > received SIGNIT signal
2021/06/10 15:40 info: > Ready on http://localhost:3000
2021/06/10 15:40 info: mysql is connected successfully!
2021/06/10 15:43 info: > received SIGNIT signal
2021/06/10 15:43 info: > Ready on http://localhost:3000
2021/06/10 15:43 info: mysql is connected successfully!
2021/06/10 15:44 info: > Ready on http://localhost:3000
2021/06/10 15:44 info: mysql is connected successfully!
2021/06/10 15:46 info: > received SIGNIT signal
2021/06/10 15:46 info: > Ready on http://localhost:3000
2021/06/10 15:46 info: mysql is connected successfully!
2021/06/10 15:47 info: > received SIGNIT signal
2021/06/10 15:47 info: > Ready on http://localhost:3000
2021/06/10 15:47 info: mysql is connected successfully!
2021/06/10 15:50 info: > received SIGNIT signal
2021/06/10 17:37 info: > Ready on http://localhost:3000
2021/06/10 17:37 info: mysql is connected successfully!
2021/06/10 17:38 info: > received SIGNIT signal
2021/06/10 17:38 info: > Ready on http://localhost:3000
2021/06/10 17:38 info: mysql is connected successfully!
2021/06/10 17:42 info: aE campustaxiadmin 7gh0dQwLMh7znu33AAAB
2021/06/10 17:42 info: receiptVaildundefined
2021/06/10 17:43 info: receiptVaildundefined
2021/06/10 17:43 info: receiptVaildundefined
2021/06/10 17:43 info: > received SIGNIT signal
2021/06/10 17:44 info: > Ready on http://localhost:3000
2021/06/10 17:44 info: mysql is connected successfully!
2021/06/10 17:44 info: receiptVaild[object Object]
2021/06/10 17:44 info: > received SIGNIT signal
2021/06/10 17:44 info: > Ready on http://localhost:3000
2021/06/10 17:44 info: mysql is connected successfully!
2021/06/10 17:44 info: receiptVaild{"receit":false}
2021/06/10 17:44 info: receiptVaild{"receit":false}
2021/06/10 17:44 info: receiptVaild{"receit":false}
2021/06/10 17:44 info: receiptVaild{"receit":false}
2021/06/10 17:45 info: receiptVaild{"receit":true}
2021/06/10 17:45 info: > received SIGNIT signal
2021/06/10 17:45 info: > Ready on http://localhost:3000
2021/06/10 17:45 info: mysql is connected successfully!
2021/06/10 17:45 info: receiptVaild{"receit":true}
2021/06/10 17:45 info: receiptVaild{"receit":true}
2021/06/10 17:45 info: receiptVaild{"receit":true}
2021/06/10 17:45 info: receiptVaild{"receit":true}
2021/06/10 17:45 info: receiptVaild{"receit":true}
2021/06/10 17:46 info: receiptVaild{"receit":true}
2021/06/10 17:46 info: disc QnHheMLvAGqcLCpGAAAB
2021/06/10 17:46 info: aE campustaxiadmin f2PCAeviJ4hRdefwAAAD
2021/06/10 17:46 info: receiptVaild{"receit":true}
2021/06/10 17:46 info: receiptVaild{"receit":true}
2021/06/10 17:46 info: receiptVaild{"receit":true}
2021/06/10 17:48 info: receiptVaild{"receit":"{\"orderId\":\"GPA.3311-4807-0804-93496\",\"packageName\":\"com.campustaxi.campustaxi\",\"productId\":\"testinapp\",\"purchaseTime\":1616486006928,\"purchaseState\":0,\"purchaseToken\":\"pjhfkjpiglhfimdalmlbmacj.AO-J1OwcQDXR5dx0z7EeNtRvJPid4e1zd0_ZBzBQ5-rnRIlG29kDAV5NpcHwhJsIGgCEgcFfsLap1U-qzcDCx_3JIiksqFUgJ4A23S_dj7skQ0nh00d70dM\",\"acknowledged\":true}"}
2021/06/10 17:48 info: receiptVaild{"receit":"{\"orderId\":\"GPA.3311-4807-0804-93496\",\"packageName\":\"com.campustaxi.campustaxi\",\"productId\":\"testinapp\",\"purchaseTime\":1616486006928,\"purchaseState\":0,\"purchaseToken\":\"pjhfkjpiglhfimdalmlbmacj.AO-J1OwcQDXR5dx0z7EeNtRvJPid4e1zd0_ZBzBQ5-rnRIlG29kDAV5NpcHwhJsIGgCEgcFfsLap1U-qzcDCx_3JIiksqFUgJ4A23S_dj7skQ0nh00d70dM\",\"acknowledged\":true}"}
2021/06/10 17:48 info: receiptVaild{"receit":"{\"orderId\":\"GPA.3311-4807-0804-93496\",\"packageName\":\"com.campustaxi.campustaxi\",\"productId\":\"testinapp\",\"purchaseTime\":1616486006928,\"purchaseState\":0,\"purchaseToken\":\"pjhfkjpiglhfimdalmlbmacj.AO-J1OwcQDXR5dx0z7EeNtRvJPid4e1zd0_ZBzBQ5-rnRIlG29kDAV5NpcHwhJsIGgCEgcFfsLap1U-qzcDCx_3JIiksqFUgJ4A23S_dj7skQ0nh00d70dM\",\"acknowledged\":true}"}
2021/06/10 17:48 info: receiptVaild{"receit":"{\"orderId\":\"GPA.3311-4807-0804-93496\",\"packageName\":\"com.campustaxi.campustaxi\",\"productId\":\"testinapp\",\"purchaseTime\":1616486006928,\"purchaseState\":0,\"purchaseToken\":\"pjhfkjpiglhfimdalmlbmacj.AO-J1OwcQDXR5dx0z7EeNtRvJPid4e1zd0_ZBzBQ5-rnRIlG29kDAV5NpcHwhJsIGgCEgcFfsLap1U-qzcDCx_3JIiksqFUgJ4A23S_dj7skQ0nh00d70dM\",\"acknowledged\":true}"}
2021/06/10 17:48 info: receiptVaild{"receit":"{\"orderId\":\"GPA.3311-4807-0804-93496\",\"packageName\":\"com.campustaxi.campustaxi\",\"productId\":\"testinapp\",\"purchaseTime\":1616486006928,\"purchaseState\":0,\"purchaseToken\":\"pjhfkjpiglhfimdalmlbmacj.AO-J1OwcQDXR5dx0z7EeNtRvJPid4e1zd0_ZBzBQ5-rnRIlG29kDAV5NpcHwhJsIGgCEgcFfsLap1U-qzcDCx_3JIiksqFUgJ4A23S_dj7skQ0nh00d70dM\",\"acknowledged\":true}"}
2021/06/10 17:48 info: receiptVaild{"receit":"{\"orderId\":\"GPA.3311-4807-0804-93496\",\"packageName\":\"com.campustaxi.campustaxi\",\"productId\":\"testinapp\",\"purchaseTime\":1616486006928,\"purchaseState\":0,\"purchaseToken\":\"pjhfkjpiglhfimdalmlbmacj.AO-J1OwcQDXR5dx0z7EeNtRvJPid4e1zd0_ZBzBQ5-rnRIlG29kDAV5NpcHwhJsIGgCEgcFfsLap1U-qzcDCx_3JIiksqFUgJ4A23S_dj7skQ0nh00d70dM\",\"acknowledged\":true}"}
2021/06/10 17:48 info: receiptVaild{"receit":"{\"orderId\":\"GPA.3311-4807-0804-93496\",\"packageName\":\"com.campustaxi.campustaxi\",\"productId\":\"testinapp\",\"purchaseTime\":1616486006928,\"purchaseState\":0,\"purchaseToken\":\"pjhfkjpiglhfimdalmlbmacj.AO-J1OwcQDXR5dx0z7EeNtRvJPid4e1zd0_ZBzBQ5-rnRIlG29kDAV5NpcHwhJsIGgCEgcFfsLap1U-qzcDCx_3JIiksqFUgJ4A23S_dj7skQ0nh00d70dM\",\"acknowledged\":true}"}
2021/06/10 17:49 info: receiptVaild{"receit":"{\"orderId\":\"GPA.3311-4807-0804-93496\",\"packageName\":\"com.campustaxi.campustaxi\",\"productId\":\"testinapp\",\"purchaseTime\":1616486006928,\"purchaseState\":0,\"purchaseToken\":\"pjhfkjpiglhfimdalmlbmacj.AO-J1OwcQDXR5dx0z7EeNtRvJPid4e1zd0_ZBzBQ5-rnRIlG29kDAV5NpcHwhJsIGgCEgcFfsLap1U-qzcDCx_3JIiksqFUgJ4A23S_dj7skQ0nh00d70dM\",\"acknowledged\":true}"}
2021/06/10 17:49 info: > received SIGNIT signal
2021/06/10 17:49 info: > Ready on http://localhost:3000
2021/06/10 17:49 info: mysql is connected successfully!
2021/06/10 17:49 info: receiptVaildundefined
2021/06/10 17:49 info: receiptVaildundefined
2021/06/10 17:50 info: receiptVaild{"orderId":"GPA.3311-4807-0804-93496","packageName":"com.campustaxi.campustaxi","productId":"testinapp","purchaseTime":1616486006928,"purchaseState":0,"purchaseToken":"pjhfkjpiglhfimdalmlbmacj.AO-J1OwcQDXR5dx0z7EeNtRvJPid4e1zd0_ZBzBQ5-rnRIlG29kDAV5NpcHwhJsIGgCEgcFfsLap1U-qzcDCx_3JIiksqFUgJ4A23S_dj7skQ0nh00d70dM","acknowledged":true}
2021/06/10 17:53 info: > received SIGNIT signal
2021/06/10 17:53 info: > Ready on http://localhost:3000
2021/06/10 17:53 info: mysql is connected successfully!
2021/06/10 17:53 info: receiptVaild{"orderId":"GPA.3311-4807-0804-93496","packageName":"com.campustaxi.campustaxi","productId":"testinapp","purchaseTime":1616486006928,"purchaseState":0,"purchaseToken":"pjhfkjpiglhfimdalmlbmacj.AO-J1OwcQDXR5dx0z7EeNtRvJPid4e1zd0_ZBzBQ5-rnRIlG29kDAV5NpcHwhJsIGgCEgcFfsLap1U-qzcDCx_3JIiksqFUgJ4A23S_dj7skQ0nh00d70dM","acknowledged":true}
2021/06/10 17:54 info: > received SIGNIT signal
2021/06/10 17:54 info: > Ready on http://localhost:3000
2021/06/10 17:54 info: mysql is connected successfully!
2021/06/10 17:54 info: receiptVaild{"orderId":"GPA.3311-4807-0804-93496","packageName":"com.campustaxi.campustaxi","productId":"testinapp","purchaseTime":1616486006928,"purchaseState":0,"purchaseToken":"pjhfkjpiglhfimdalmlbmacj.AO-J1OwcQDXR5dx0z7EeNtRvJPid4e1zd0_ZBzBQ5-rnRIlG29kDAV5NpcHwhJsIGgCEgcFfsLap1U-qzcDCx_3JIiksqFUgJ4A23S_dj7skQ0nh00d70dM","acknowledged":true}
2021/06/10 17:55 info: > received SIGNIT signal
2021/06/10 17:55 info: > Ready on http://localhost:3000
2021/06/10 17:55 info: mysql is connected successfully!
2021/06/10 17:55 info: receiptVaild{"orderId":"GPA.3311-4807-0804-93496","packageName":"com.campustaxi.campustaxi","productId":"testinapp","purchaseTime":1616486006928,"purchaseState":0,"purchaseToken":"pjhfkjpiglhfimdalmlbmacj.AO-J1OwcQDXR5dx0z7EeNtRvJPid4e1zd0_ZBzBQ5-rnRIlG29kDAV5NpcHwhJsIGgCEgcFfsLap1U-qzcDCx_3JIiksqFUgJ4A23S_dj7skQ0nh00d70dM","acknowledged":true}
2021/06/10 17:57 info: > received SIGNIT signal
2021/06/10 18:01 info: > Ready on http://localhost:3000
2021/06/10 18:01 info: mysql is connected successfully!
2021/06/10 18:01 info: receiptVaild{"orderId":"GPA.3311-4807-0804-93496","packageName":"com.campustaxi.campustaxi","productId":"testinapp","purchaseTime":1616486006928,"purchaseState":0,"purchaseToken":"pjhfkjpiglhfimdalmlbmacj.AO-J1OwcQDXR5dx0z7EeNtRvJPid4e1zd0_ZBzBQ5-rnRIlG29kDAV5NpcHwhJsIGgCEgcFfsLap1U-qzcDCx_3JIiksqFUgJ4A23S_dj7skQ0nh00d70dM","acknowledged":true}
2021/06/10 18:02 info: > received SIGNIT signal
2021/06/10 18:02 info: > Ready on http://localhost:3000
2021/06/10 18:02 info: mysql is connected successfully!
2021/06/10 18:02 info: receiptVaild{"orderId":"GPA.3311-4807-0804-93496","packageName":"com.campustaxi.campustaxi","productId":"testinapp","purchaseTime":1616486006928,"purchaseState":0,"purchaseToken":"pjhfkjpiglhfimdalmlbmacj.AO-J1OwcQDXR5dx0z7EeNtRvJPid4e1zd0_ZBzBQ5-rnRIlG29kDAV5NpcHwhJsIGgCEgcFfsLap1U-qzcDCx_3JIiksqFUgJ4A23S_dj7skQ0nh00d70dM","acknowledged":true}
2021/06/10 18:02 info: > received SIGNIT signal
2021/06/10 18:02 info: > Ready on http://localhost:3000
2021/06/10 18:02 info: mysql is connected successfully!
2021/06/10 18:02 info: receiptVaild{"orderId":"GPA.3311-4807-0804-93496","packageName":"com.campustaxi.campustaxi","productId":"testinapp","purchaseTime":1616486006928,"purchaseState":0,"purchaseToken":"pjhfkjpiglhfimdalmlbmacj.AO-J1OwcQDXR5dx0z7EeNtRvJPid4e1zd0_ZBzBQ5-rnRIlG29kDAV5NpcHwhJsIGgCEgcFfsLap1U-qzcDCx_3JIiksqFUgJ4A23S_dj7skQ0nh00d70dM","acknowledged":true}
2021/06/10 18:02 info: receiptVaild{"orderId":"GPA.3311-4807-0804-93496","packageName":"com.campustaxi.campustaxi","productId":"testinapp","purchaseTime":1616486006928,"purchaseState":0,"purchaseToken":"pjhfkjpiglhfimdalmlbmacj.AO-J1OwcQDXR5dx0z7EeNtRvJPid4e1zd0_ZBzBQ5-rnRIlG29kDAV5NpcHwhJsIGgCEgcFfsLap1U-qzcDCx_3JIiksqFUgJ4A23S_dj7skQ0nh00d70dM","acknowledged":true}
2021/06/10 18:02 info: receiptVaild{"orderId":"GPA.3311-4807-0804-93496","packageName":"com.campustaxi.campustaxi","productId":"testinapp","purchaseTime":1616486006928,"purchaseState":0,"purchaseToken":"pjhfkjpiglhfimdalmlbmacj.AO-J1OwcQDXR5dx0z7EeNtRvJPid4e1zd0_ZBzBQ5-rnRIlG29kDAV5NpcHwhJsIGgCEgcFfsLap1U-qzcDCx_3JIiksqFUgJ4A23S_dj7skQ0nh00d70dM","acknowledged":true}
2021/06/10 18:02 info: receiptVaild{"orderId":"GPA.3311-4807-0804-93496","packageName":"com.campustaxi.campustaxi","productId":"testinapp","purchaseTime":1616486006928,"purchaseState":0,"purchaseToken":"pjhfkjpiglhfimdalmlbmacj.AO-J1OwcQDXR5dx0z7EeNtRvJPid4e1zd0_ZBzBQ5-rnRIlG29kDAV5NpcHwhJsIGgCEgcFfsLap1U-qzcDCx_3JIiksqFUgJ4A23S_dj7skQ0nh00d70dM","acknowledged":true}
2021/06/10 18:06 info: disc w_w4miKdLLhX6CkoAAAB
2021/06/10 19:15 info: receiptVaild{"orderId":"GPA.3311-4807-0804-93496","packageName":"com.campustaxi.campustaxi","productId":"testinapp","purchaseTime":1616486006928,"purchaseState":0,"purchaseToken":"pjhfkjpiglhfimdalmlbmacj.AO-J1OwcQDXR5dx0z7EeNtRvJPid4e1zd0_ZBzBQ5-rnRIlG29kDAV5NpcHwhJsIGgCEgcFfsLap1U-qzcDCx_3JIiksqFUgJ4A23S_dj7skQ0nh00d70dM","acknowledged":true}
2021/06/10 19:15 info: > received SIGNIT signal
2021/06/10 19:15 info: > Ready on http://localhost:3000
2021/06/10 19:15 info: mysql is connected successfully!
2021/06/10 19:15 info: disc 1bTKkBFPWlwsOx3KAAAB
2021/06/10 19:15 info: aE campustaxiadmin WkRL5JAlQE99uqS6AAAD
2021/06/10 19:15 info: receiptVaild[object Object]
2021/06/10 19:16 info: disc WkRL5JAlQE99uqS6AAAD
2021/06/10 19:23 info: disc VZ46Wvs-6kbzdYAvAAAF
2021/06/10 19:39 info: > received SIGNIT signal
2021/06/10 19:44 info: > Ready on http://localhost:3000
2021/06/10 19:44 info: mysql is connected successfully!
2021/06/10 19:44 info: aE campustaxiadmin x_EMagilE8-cWU4MAAAB
2021/06/10 19:45 info: receiptVaild[object Object]
2021/06/10 19:45 info: code get success ! ENOENT: no such file or directory, open './key.json'
2021/06/10 19:45 info: > received SIGNIT signal
2021/06/10 19:46 info: > Ready on http://localhost:3000
2021/06/10 19:46 info: mysql is connected successfully!
2021/06/10 19:46 info: receiptVaild[object Object]
2021/06/10 19:50 info: > received SIGNIT signal
2021/06/10 19:50 info: > Ready on http://localhost:3000
2021/06/10 19:50 info: mysql is connected successfully!
2021/06/10 19:50 info: receiptVaild[object Object]
2021/06/10 19:56 info: > received SIGNIT signal
2021/06/10 19:56 info: > Ready on http://localhost:3000
2021/06/10 19:56 info: mysql is connected successfully!
2021/06/10 19:57 info: receiptVaild[object Object]
2021/06/10 19:59 info: > received SIGNIT signal
2021/06/10 20:00 info: > Ready on http://localhost:3000
2021/06/10 20:00 info: mysql is connected successfully!
2021/06/10 20:00 info: receiptVaild[object Object]
2021/06/10 20:00 info: code get success !
2021/06/10 20:05 info: disc cqK1mN4VxFamk1bVAAAB
2021/06/10 20:05 info: receiptVaild[object Object]
2021/06/10 20:05 info: code get success !
2021/06/10 20:08 info: > received SIGNIT signal
2021/06/10 20:08 info: > Ready on http://localhost:3000
2021/06/10 20:08 info: mysql is connected successfully!
2021/06/10 20:09 info: receiptVaild[object Object]
2021/06/10 20:09 info: > received SIGNIT signal
2021/06/10 20:09 info: > Ready on http://localhost:3000
2021/06/10 20:09 info: mysql is connected successfully!
2021/06/10 20:09 info: receiptVaild[object Object]
2021/06/10 20:15 info: > received SIGNIT signal
2021/06/10 20:16 info: > Ready on http://localhost:3000
2021/06/10 20:16 info: mysql is connected successfully!
2021/06/10 20:16 info: receiptVaild[object Object]
2021/06/10 20:17 info: > Ready on http://localhost:3000
2021/06/10 20:17 info: mysql is connected successfully!
2021/06/10 20:17 info: receiptVaild[object Object]
2021/06/10 20:20 info: > received SIGNIT signal
2021/06/10 20:20 info: > Ready on http://localhost:3000
2021/06/10 20:20 info: mysql is connected successfully!
2021/06/10 20:20 info: receiptVaild[object Object]
2021/06/10 20:25 info: > received SIGNIT signal
2021/06/10 20:26 info: > Ready on http://localhost:3000
2021/06/10 20:26 info: mysql is connected successfully!
2021/06/10 20:27 info: receiptVaild[object Object]
2021/06/10 20:27 info: disc E-6Nk2jqDCC0aziTAAAB
2021/06/10 20:27 info: aE campustaxiadmin s77n_hcluf5qZ95JAAAD
2021/06/10 20:27 info: disc s77n_hcluf5qZ95JAAAD
2021/06/10 20:27 info: aE campustaxiadmin LtiJbWXWcMYGsmB5AAAF
2021/06/10 20:27 info: receiptVaild[object Object]
2021/06/10 20:28 info: > received SIGNIT signal
2021/06/10 20:28 info: > Ready on http://localhost:3000
2021/06/10 20:28 info: mysql is connected successfully!
2021/06/10 20:28 info: receiptVaild[object Object]
2021/06/10 20:29 info: receiptVaild{"orderId":"GPA.3311-4807-0804-93496","packageName":"com.campustaxi.campustaxi","productId":"testinapp","purchaseTime":1616486006928,"purchaseState":0,"purchaseToken":"pjhfkjpiglhfimdalmlbmacj.AO-J1OwcQDXR5dx0z7EeNtRvJPid4e1zd0_ZBzBQ5-rnRIlG29kDAV5NpcHwhJsIGgCEgcFfsLap1U-qzcDCx_3JIiksqFUgJ4A23S_dj7skQ0nh00d70dM","acknowledged":true}
2021/06/10 20:29 info: receiptVaild{"orderId":"GPA.3311-4807-0804-93496","packageName":"com.campustaxi.campustaxi","productId":"testinapp","purchaseTime":1616486006928,"purchaseState":0,"purchaseToken":"pjhfkjpiglhfimdalmlbmacj.AO-J1OwcQDXR5dx0z7EeNtRvJPid4e1zd0_ZBzBQ5-rnRIlG29kDAV5NpcHwhJsIGgCEgcFfsLap1U-qzcDCx_3JIiksqFUgJ4A23S_dj7skQ0nh00d70dM","acknowledged":true}
2021/06/10 20:30 info: > received SIGNIT signal
2021/06/10 20:30 info: > Ready on http://localhost:3000
2021/06/10 20:30 info: mysql is connected successfully!
2021/06/10 20:31 info: receiptVaild{"orderId":"GPA.3311-4807-0804-93496","packageName":"com.campustaxi.campustaxi","productId":"testinapp","purchaseTime":1616486006928,"purchaseState":0,"purchaseToken":"pjhfkjpiglhfimdalmlbmacj.AO-J1OwcQDXR5dx0z7EeNtRvJPid4e1zd0_ZBzBQ5-rnRIlG29kDAV5NpcHwhJsIGgCEgcFfsLap1U-qzcDCx_3JIiksqFUgJ4A23S_dj7skQ0nh00d70dM","acknowledged":true}
2021/06/10 20:32 info: > received SIGNIT signal
2021/06/10 20:32 info: > Ready on http://localhost:3000
2021/06/10 20:32 info: mysql is connected successfully!
2021/06/10 20:32 info: receiptVaild{"orderId":"GPA.3311-4807-0804-93496","packageName":"com.campustaxi.campustaxi","productId":"testinapp","purchaseTime":1616486006928,"purchaseState":0,"purchaseToken":"pjhfkjpiglhfimdalmlbmacj.AO-J1OwcQDXR5dx0z7EeNtRvJPid4e1zd0_ZBzBQ5-rnRIlG29kDAV5NpcHwhJsIGgCEgcFfsLap1U-qzcDCx_3JIiksqFUgJ4A23S_dj7skQ0nh00d70dM","acknowledged":true}
2021/06/10 20:32 info: > received SIGNIT signal
2021/06/10 20:33 info: > Ready on http://localhost:3000
2021/06/10 20:33 info: mysql is connected successfully!
2021/06/10 20:33 info: receiptVaild{"orderId":"GPA.3311-4807-0804-93496","packageName":"com.campustaxi.campustaxi","productId":"testinapp","purchaseTime":1616486006928,"purchaseState":0,"purchaseToken":"pjhfkjpiglhfimdalmlbmacj.AO-J1OwcQDXR5dx0z7EeNtRvJPid4e1zd0_ZBzBQ5-rnRIlG29kDAV5NpcHwhJsIGgCEgcFfsLap1U-qzcDCx_3JIiksqFUgJ4A23S_dj7skQ0nh00d70dM","acknowledged":true}
2021/06/10 20:33 info: receiptVaild{"orderId":"GPA.3311-4807-0804-93496","packageName":"com.campustaxi.campustaxi","productId":"testinapp","purchaseTime":1616486006928,"purchaseState":0,"purchaseToken":"pjhfkjpiglhfimdalmlbmacj.AO-J1OwcQDXR5dx0z7EeNtRvJPid4e1zd0_ZBzBQ5-rnRIlG29kDAV5NpcHwhJsIGgCEgcFfsLap1U-qzcDCx_3JIiksqFUgJ4A23S_dj7skQ0nh00d70dM","acknowledged":true}
2021/06/10 20:34 info: > received SIGNIT signal
2021/06/10 20:34 info: > Ready on http://localhost:3000
2021/06/10 20:34 info: mysql is connected successfully!
2021/06/10 20:35 info: receiptVaild{"orderId":"GPA.3311-4807-0804-93496","packageName":"com.campustaxi.campustaxi","productId":"testinapp","purchaseTime":1616486006928,"purchaseState":0,"purchaseToken":"pjhfkjpiglhfimdalmlbmacj.AO-J1OwcQDXR5dx0z7EeNtRvJPid4e1zd0_ZBzBQ5-rnRIlG29kDAV5NpcHwhJsIGgCEgcFfsLap1U-qzcDCx_3JIiksqFUgJ4A23S_dj7skQ0nh00d70dM","acknowledged":true}
2021/06/10 20:35 info: receiptVaild{"orderId":"GPA.3311-4807-0804-93496","packageName":"com.campustaxi.campustaxi","productId":"testinapp","purchaseTime":1616486006928,"purchaseState":0,"purchaseToken":"pjhfkjpiglhfimdalmlbmacj.AO-J1OwcQDXR5dx0z7EeNtRvJPid4e1zd0_ZBzBQ5-rnRIlG29kDAV5NpcHwhJsIGgCEgcFfsLap1U-qzcDCx_3JIiksqFUgJ4A23S_dj7skQ0nh00d70dM","acknowledged":true}
2021/06/10 20:35 info: > received SIGNIT signal
2021/06/10 20:36 info: > Ready on http://localhost:3000
2021/06/10 20:36 info: mysql is connected successfully!
2021/06/10 20:36 info: > received SIGNIT signal
2021/06/10 20:36 info: > Ready on http://localhost:3000
2021/06/10 20:36 info: mysql is connected successfully!
2021/06/10 20:36 info: receiptVaild{"orderId":"GPA.3311-4807-0804-93496","packageName":"com.campustaxi.campustaxi","productId":"testinapp","purchaseTime":1616486006928,"purchaseState":0,"purchaseToken":"pjhfkjpiglhfimdalmlbmacj.AO-J1OwcQDXR5dx0z7EeNtRvJPid4e1zd0_ZBzBQ5-rnRIlG29kDAV5NpcHwhJsIGgCEgcFfsLap1U-qzcDCx_3JIiksqFUgJ4A23S_dj7skQ0nh00d70dM","acknowledged":true}
2021/06/10 20:36 info: receiptVaild{"orderId":"GPA.3311-4807-0804-93496","packageName":"com.campustaxi.campustaxi","productId":"testinapp","purchaseTime":1616486006928,"purchaseState":0,"purchaseToken":"pjhfkjpiglhfimdalmlbmacj.AO-J1OwcQDXR5dx0z7EeNtRvJPid4e1zd0_ZBzBQ5-rnRIlG29kDAV5NpcHwhJsIGgCEgcFfsLap1U-qzcDCx_3JIiksqFUgJ4A23S_dj7skQ0nh00d70dM","acknowledged":true}
2021/06/10 20:37 info: > received SIGNIT signal
2021/06/10 20:37 info: > Ready on http://localhost:3000
2021/06/10 20:37 info: mysql is connected successfully!
2021/06/10 20:37 info: receiptVaild[object Object]
2021/06/10 20:37 info: > received SIGNIT signal
2021/06/10 20:38 info: > Ready on http://localhost:3000
2021/06/10 20:38 info: mysql is connected successfully!
2021/06/10 20:38 info: receiptVaild[object Object]
2021/06/10 20:44 info: disc 5LFcl7x_8dE8ackBAAAB
2021/06/10 20:50 info: receiptVaild[object Object]
2021/06/10 20:50 info: receiptVaild[object Object]
2021/06/10 20:51 info: disc 6mNe2VWuFHFOTraOAAAD
2021/06/10 20:51 info: aE campustaxiadmin tVjNbhRB2nmQaA31AAAF
2021/06/10 20:53 info: > received SIGNIT signal
2021/06/10 20:53 info: > Ready on http://localhost:3000
2021/06/10 20:53 info: mysql is connected successfully!
2021/06/10 20:53 info: receiptVaild[object Object]
2021/06/10 20:53 info: receiptVaild[object Object]
2021/06/10 20:55 info: > received SIGNIT signal
2021/06/10 20:56 info: > Ready on http://localhost:3000
2021/06/10 20:56 info: mysql is connected successfully!
2021/06/10 20:56 info: receiptVaild[object Object]
2021/06/10 20:56 info: code get success !
2021/06/10 20:56 info: > received SIGNIT signal
2021/06/10 20:57 info: > Ready on http://localhost:3000
2021/06/10 20:57 info: mysql is connected successfully!
2021/06/10 20:57 info: receiptVaild[object Object]
2021/06/10 20:57 info: code get success !
2021/06/10 20:57 info: > received SIGNIT signal
2021/06/10 20:57 info: > Ready on http://localhost:3000
2021/06/10 20:57 info: mysql is connected successfully!
2021/06/10 20:57 info: receiptVaild[object Object]
2021/06/10 20:57 info: code get success !
2021/06/10 20:58 info: > received SIGNIT signal
2021/06/10 20:58 info: > Ready on http://localhost:3000
2021/06/10 20:58 info: mysql is connected successfully!
2021/06/10 20:58 info: > received SIGNIT signal
2021/06/10 20:59 info: > Ready on http://localhost:3000
2021/06/10 20:59 info: mysql is connected successfully!
2021/06/10 20:59 info: receiptVaild[object Object]
2021/06/10 20:59 info: code get success !
2021/06/10 21:08 info: > received SIGNIT signal
2021/06/10 21:08 info: > Ready on http://localhost:3000
2021/06/10 21:08 info: mysql is connected successfully!
2021/06/10 21:08 info: receiptVaild[object Object]
2021/06/10 21:08 info: code get success !
2021/06/10 21:10 info: > received SIGNIT signal
2021/06/10 21:11 info: > Ready on http://localhost:3000
2021/06/10 21:11 info: mysql is connected successfully!
2021/06/10 21:11 info: receiptVaild[object Object]
2021/06/10 21:11 info: code get success !
2021/06/10 21:12 info: > received SIGNIT signal
2021/06/10 21:12 info: > Ready on http://localhost:3000
2021/06/10 21:12 info: mysql is connected successfully!
2021/06/10 21:12 info: receiptVaild[object Object]
2021/06/10 21:12 info: code get success !
2021/06/10 21:14 info: > Ready on http://localhost:3000
2021/06/10 21:14 info: mysql is connected successfully!
2021/06/10 21:14 info: receiptVaild[object Object]
2021/06/10 21:14 info: code get success !
2021/06/10 21:22 info: > received SIGNIT signal
2021/06/10 21:22 info: > Ready on http://localhost:3000
2021/06/10 21:22 info: mysql is connected successfully!
2021/06/10 21:22 info: receiptVaild[object Object]
2021/06/10 21:22 info: code get success !
2021/06/10 21:24 info: > received SIGNIT signal
2021/06/10 21:24 info: > Ready on http://localhost:3000
2021/06/10 21:24 info: mysql is connected successfully!
2021/06/10 21:24 info: receiptVaild[object Object]
2021/06/10 21:24 info: code get success !
2021/06/10 21:24 info: > received SIGNIT signal
2021/06/10 21:25 info: > Ready on http://localhost:3000
2021/06/10 21:25 info: mysql is connected successfully!
2021/06/10 21:25 info: receiptVaild[object Object]
2021/06/10 21:25 info: code get success !
2021/06/10 21:37 info: receiptVaild[object Object]
2021/06/10 21:37 info: code get success !
2021/06/10 21:38 info: receiptVaild[object Object]
2021/06/10 21:38 info: code get success !
2021/06/10 21:38 info: receiptVaild[object Object]
2021/06/10 21:38 info: code get success !
2021/06/10 21:38 info: receiptVaild[object Object]
2021/06/10 21:38 info: code get success !
2021/06/10 21:39 info: > received SIGNIT signal
2021/06/10 21:39 info: > Ready on http://localhost:3000
2021/06/10 21:39 info: mysql is connected successfully!
2021/06/10 21:39 info: receiptVaild[object Object]
2021/06/10 21:39 info: code get success !
2021/06/10 21:39 info: > received SIGNIT signal
2021/06/10 21:39 info: > Ready on http://localhost:3000
2021/06/10 21:39 info: mysql is connected successfully!
2021/06/10 21:39 info: receiptVaild{"orderId":"GPA.3386-2286-6659-71083","packageName":"com.campustaxi.campustaxi","productId":"regularpayment","purchaseTime":1623328633722,"purchaseState":0,"purchaseToken":"achlajejcnblelbhdgioobac.AO-J1Ox-KLo1qAq58_Qn6i_7WE940NZ8DYCMFboVYUWQIcvgT1BM49TS55KN6YqkW9EVynSIR28m4IZZE4r-z0D-zAFVoOPfg9l8j7SQ7HXgMLwnJVgYAZw","autoRenewing":true,"acknowledged":false}
2021/06/10 21:39 info: code get success !
2021/06/10 21:39 info: receiptVaild{"orderId":"GPA.3386-2286-6659-71083","packageName":"com.campustaxi.campustaxi","productId":"regularpayment","purchaseTime":1623328633722,"purchaseState":0,"purchaseToken":"achlajejcnblelbhdgioobac.AO-J1Ox-KLo1qAq58_Qn6i_7WE940NZ8DYCMFboVYUWQIcvgT1BM49TS55KN6YqkW9EVynSIR28m4IZZE4r-z0D-zAFVoOPfg9l8j7SQ7HXgMLwnJVgYAZw","autoRenewing":true,"acknowledged":false}
2021/06/10 21:39 info: code get success !
2021/06/10 21:40 info: receiptVaild{"orderId":"GPA.3386-2286-6659-71083","packageName":"com.campustaxi.campustaxi","productId":"regularpayment","purchaseTime":1623328633722,"purchaseState":0,"purchaseToken":"achlajejcnblelbhdgioobac.AO-J1Ox-KLo1qAq58_Qn6i_7WE940NZ8DYCMFboVYUWQIcvgT1BM49TS55KN6YqkW9EVynSIR28m4IZZE4r-z0D-zAFVoOPfg9l8j7SQ7HXgMLwnJVgYAZw","autoRenewing":true,"acknowledged":false}
2021/06/10 21:40 info: code get success !
2021/06/10 21:40 info: receiptVaild{"orderId":"GPA.3386-2286-6659-71083","packageName":"com.campustaxi.campustaxi","productId":"regularpayment","purchaseTime":1623328633722,"purchaseState":0,"purchaseToken":"achlajejcnblelbhdgioobac.AO-J1Ox-KLo1qAq58_Qn6i_7WE940NZ8DYCMFboVYUWQIcvgT1BM49TS55KN6YqkW9EVynSIR28m4IZZE4r-z0D-zAFVoOPfg9l8j7SQ7HXgMLwnJVgYAZw","autoRenewing":true,"acknowledged":false}
2021/06/10 21:40 info: code get success !
2021/06/10 21:40 info: receiptVaild{"orderId":"GPA.3386-2286-6659-71083","packageName":"com.campustaxi.campustaxi","productId":"regularpayment","purchaseTime":1623328633722,"purchaseState":0,"purchaseToken":"achlajejcnblelbhdgioobac.AO-J1Ox-KLo1qAq58_Qn6i_7WE940NZ8DYCMFboVYUWQIcvgT1BM49TS55KN6YqkW9EVynSIR28m4IZZE4r-z0D-zAFVoOPfg9l8j7SQ7HXgMLwnJVgYAZw","autoRenewing":true,"acknowledged":false}
2021/06/10 21:40 info: code get success !
2021/06/10 21:42 info: > received SIGNIT signal
2021/06/10 21:42 info: > Ready on http://localhost:3000
2021/06/10 21:42 info: mysql is connected successfully!
2021/06/10 21:43 info: receiptVaild{"orderId":"GPA.3311-4807-0804-93496","packageName":"com.campustaxi.campustaxi","productId":"testinapp","purchaseTime":1616486006928,"purchaseState":0,"purchaseToken":"pjhfkjpiglhfimdalmlbmacj.AO-J1OwcQDXR5dx0z7EeNtRvJPid4e1zd0_ZBzBQ5-rnRIlG29kDAV5NpcHwhJsIGgCEgcFfsLap1U-qzcDCx_3JIiksqFUgJ4A23S_dj7skQ0nh00d70dM","acknowledged":true}
2021/06/10 21:43 info: code get success !
2021/06/10 21:43 info: > received SIGNIT signal
2021/06/10 21:43 info: > Ready on http://localhost:3000
2021/06/10 21:43 info: mysql is connected successfully!
2021/06/10 21:43 info: receiptVaild{"orderId":"GPA.3311-4807-0804-93496","packageName":"com.campustaxi.campustaxi","productId":"testinapp","purchaseTime":1616486006928,"purchaseState":0,"purchaseToken":"pjhfkjpiglhfimdalmlbmacj.AO-J1OwcQDXR5dx0z7EeNtRvJPid4e1zd0_ZBzBQ5-rnRIlG29kDAV5NpcHwhJsIGgCEgcFfsLap1U-qzcDCx_3JIiksqFUgJ4A23S_dj7skQ0nh00d70dM","acknowledged":true}
2021/06/10 21:43 info: code get success !
2021/06/10 21:50 info: > Ready on http://localhost:3000
2021/06/10 21:50 info: mysql is connected successfully!
2021/06/10 21:51 info: > Ready on http://localhost:3000
2021/06/10 21:51 info: mysql is connected successfully!
2021/06/10 21:51 info: > received SIGNIT signal
2021/06/10 21:51 info: > Ready on http://localhost:3000
2021/06/10 21:51 info: mysql is connected successfully!
2021/06/10 21:52 info: disc 8U6KaItf4stDZJBwAAAB
2021/06/10 21:52 info: aE campustaxiadmin 1eoJ9AOVJRJ2gqNAAAAD
2021/06/10 21:53 info: > received SIGNIT signal
2021/06/10 21:54 info: > Ready on http://localhost:3000
2021/06/10 21:54 info: mysql is connected successfully!
2021/06/10 21:54 info: > received SIGNIT signal
2021/06/10 21:54 info: > Ready on http://localhost:3000
2021/06/10 21:54 info: mysql is connected successfully!
2021/06/10 21:54 info: receiptVaildnull
2021/06/10 21:54 info: code get success !
2021/06/10 21:57 info: > received SIGNIT signal
2021/06/10 21:57 info: > Ready on http://localhost:3000
2021/06/10 21:57 info: mysql is connected successfully!
2021/06/10 21:57 info: receiptVaildnull
2021/06/10 21:57 info: code get success !
2021/06/10 22:02 info: receiptVaildnull
2021/06/10 22:02 info: code get success !
2021/06/10 22:04 info: receiptVaildnull
2021/06/10 22:04 info: code get success !
2021/06/10 22:09 info: > received SIGNIT signal
2021/06/10 22:09 info: > Ready on http://localhost:3000
2021/06/10 22:09 info: mysql is connected successfully!
2021/06/10 22:09 info: receiptVaildnull
2021/06/10 22:09 info: code get success !
2021/06/10 22:10 info: > received SIGNIT signal
2021/06/10 22:10 info: > Ready on http://localhost:3000
2021/06/10 22:10 info: mysql is connected successfully!
2021/06/10 22:10 info: receiptVaildnull
2021/06/10 22:10 info: code get success !
2021/06/10 22:16 info: > received SIGNIT signal
2021/06/10 22:16 info: > Ready on http://localhost:3000
2021/06/10 22:16 info: mysql is connected successfully!
2021/06/10 22:17 info: receiptVaildnull
2021/06/10 22:17 info: code get success !
2021/06/10 22:44 info: > received SIGNIT signal
2021/06/10 22:45 info: > Ready on http://localhost:3000
2021/06/10 22:45 info: mysql is connected successfully!
2021/06/10 22:46 info: > received SIGNIT signal
2021/06/10 22:46 info: > Ready on http://localhost:3000
2021/06/10 22:46 info: mysql is connected successfully!
2021/06/10 22:46 info: > Ready on http://localhost:3000
2021/06/10 22:46 info: mysql is connected successfully!
2021/06/10 22:48 info: > Ready on http://localhost:3000
2021/06/10 22:48 info: mysql is connected successfully!
2021/06/10 22:48 info: receiptVaildnull
2021/06/10 22:50 info: receiptVaildnull
2021/06/10 22:50 info: receiptVaildnull
2021/06/10 22:50 info: receiptVaildnull
2021/06/10 22:52 info: receiptVaildnull
2021/06/10 23:04 info: mysql key:[object Object]
2021/06/10 23:04 info: > Ready on http://localhost:3000
2021/06/10 23:04 info: mysql is connected successfully!
2021/06/10 23:05 info: > received SIGNIT signal
2021/06/10 23:05 info: mysql key:[object Object]
2021/06/10 23:05 info: > Ready on http://localhost:3000
2021/06/10 23:05 info: mysql is connected successfully!
2021/06/10 23:21 info: > received SIGNIT signal
