2021/06/01 00:38 info: mysql key:[object Object]
2021/06/01 00:38 info: mysql key:[object Object]
2021/06/01 00:38 info: > Ready on http://localhost:3000
2021/06/01 00:38 info: > Ready on http://localhost:3000
2021/06/01 00:38 info: sent ready signal to PM2 at
2021/06/01 00:38 info: sent ready signal to PM2 at
2021/06/01 00:38 info: mysql is connected successfully!
2021/06/01 00:38 info: mysql is connected successfully!
2021/06/01 00:38 info: > received SIGNIT signal
2021/06/01 00:38 info: > received SIGNIT signal
2021/06/01 00:38 info: mysql key:[object Object]
2021/06/01 00:38 info: > Ready on http://localhost:3000
2021/06/01 00:38 info: sent ready signal to PM2 at
2021/06/01 00:38 info: mysql key:[object Object]
2021/06/01 00:38 info: mysql key:[object Object]
2021/06/01 00:38 info: mysql is connected successfully!
2021/06/01 00:38 info: > Ready on http://localhost:3000
2021/06/01 00:38 info: sent ready signal to PM2 at
2021/06/01 00:38 info: > Ready on http://localhost:3000
2021/06/01 00:38 info: sent ready signal to PM2 at
2021/06/01 00:38 info: mysql is connected successfully!
2021/06/01 00:38 info: mysql is connected successfully!
2021/06/01 00:38 info: disc 068D0DIex_GV-vBXAAAB
2021/06/01 00:39 info: disc 1x_pMVY2Wlk8YUx4AAAF
2021/06/01 00:39 info: disc VDT8Fofop7AuL2wAAAAH
2021/06/01 00:39 info: disc ikHdhKR11d8DuQ6XAAAJ
2021/06/01 00:39 info: disc RwyxuyHw5DJiHsEkAAAN
2021/06/01 00:39 info: disc 0_9-Brl_hhY-PZDsAAAD
2021/06/01 00:39 info: disc F2Hm6bWoupf88sSwAAAL
2021/06/01 00:41 info: > received SIGNIT signal
2021/06/01 00:41 info: > received SIGNIT signal
2021/06/01 00:41 info: mysql key:[object Object]
2021/06/01 00:41 info: mysql key:[object Object]
2021/06/01 00:41 info: > Ready on http://localhost:3000
2021/06/01 00:41 info: > Ready on http://localhost:3000
2021/06/01 00:41 info: sent ready signal to PM2 at
2021/06/01 00:41 info: sent ready signal to PM2 at
2021/06/01 00:41 info: > received SIGNIT signal
2021/06/01 00:41 info: mysql is connected successfully!
2021/06/01 00:41 info: mysql is connected successfully!
2021/06/01 00:41 info: mysql key:[object Object]
2021/06/01 00:41 info: > Ready on http://localhost:3000
2021/06/01 00:41 info: sent ready signal to PM2 at
2021/06/01 00:41 info: mysql is connected successfully!
2021/06/01 00:45 info: disc ZGa2ZPPwn339jOl3AAAD
2021/06/01 00:45 info: disc UJHVnJUr0Uz0PYgnAAAF
2021/06/01 00:45 info: disc Ry4PfGtWMbrHBz7BAAAH
2021/06/01 00:45 info: disc wSyH2LOBx-wtLd3RAAAJ
2021/06/01 00:45 info: disc srTMCjjffrmpE_oRAAAL
2021/06/01 00:45 info: disc HD0sK_uPSe_5Sam7AAAN
2021/06/01 00:45 info: disc dDGvQG3a4Ll0c5yfAAAP
2021/06/01 00:45 info: disc wpp3cE3g2yLTSkVpAAAR
2021/06/01 00:45 info: disc gdP8TZ3Vi0_a1Va5AAAT
2021/06/01 00:45 info: disc WswHDzYV9o6ieCFcAAAV
2021/06/01 00:46 info: disc jZn1A3j40Ht_hCMpAAAZ
2021/06/01 00:46 info: disc 6ZJsXFBt9Hg3um6zAAAD
2021/06/01 00:46 info: disc QEWs_TvhZwXS7JPBAAAF
2021/06/01 00:46 info: disc 5qQL2sncCzFMS_cHAAAH
2021/06/01 00:46 info: disc 6-RhLkLrEl_n4deYAAAJ
2021/06/01 00:46 info: disc 4kqVeJE-8OFV49BxAAAL
2021/06/01 00:46 info: disc SB7sf7IrmPhnYPoeAAAN
2021/06/01 00:46 info: disc 24__K2OZdaKeq1ICAAAP
2021/06/01 00:46 info: disc zi3b5v0cGG_zWxquAAAR
2021/06/01 00:46 info: disc oe0CBIVHlqz-uJQsAAAT
2021/06/01 00:46 info: disc sOJNQUwCGHPTg4W_AAAV
2021/06/01 00:46 info: disc 7-NGun2HuazR8zIpAAAX
2021/06/01 00:46 info: disc uYI94rZ-xyo5KTCcAAAB
2021/06/01 00:46 info: disc yIQOR7KwydyJMhZOAAAD
2021/06/01 00:46 info: disc uWf8eHMaS2Yga38TAAAF
2021/06/01 00:46 info: disc KBDI7q82Abarl5tmAAAH
2021/06/01 00:46 info: disc zgjsRtz2-CNTjnhAAAAJ
2021/06/01 00:46 info: disc 3xiLmPCNNv372uOaAAAN
2021/06/01 00:46 info: disc ZtKv895kE1d3OuzsAAAB
2021/06/01 00:46 info: disc EWCEkAhu3-pTWwhQAAAB
2021/06/01 00:46 info: aE campustaxiadmin xkeN5mTvMyaFR6F6AAAg
2021/06/01 00:46 info: disc RRZGM2Gt9uF_fnsTAAAX
2021/06/01 00:46 info: disc BylxclV-p32ru0H8AAAb
2021/06/01 00:46 info: disc Zvw5zP70wTINCMmIAAAZ
2021/06/01 00:46 info: disc HdLIpL6mX7DDUupVAAAc
2021/06/01 00:46 info: disc dWxjlKzasY9VqAsBAAAe
2021/06/01 00:46 info: disc d-POPAmwqlglkrwCAAAg
2021/06/01 00:46 info: disc m5QdmoPkSg-hKVXhAAAi
2021/06/01 00:46 info: disc 64f5L5Vr5s2ZZHQGAAAQ
2021/06/01 00:46 info: disc 2G4NlEbgiwUYhkTXAAAL
2021/06/01 00:46 info: disc Yl8UuprPnPrmGPT7AAAS
2021/06/01 00:46 info: disc kSMQJH4hLLmm_Ao9AAAU
2021/06/01 00:46 info: disc BJq02NZWcT-dzwPrAAAe
2021/06/01 00:46 info: disc STIxin5huSh1Q18hAAAW
2021/06/01 00:46 info: disc zmGQ2qDahLMDloNyAAAY
2021/06/01 00:46 info: disc vEbvYonmf1ywHVpqAAAa
2021/06/01 00:48 info: disc EMV64qz215iYXiKJAAAi
2021/06/01 00:48 info: disc mBSF1PCoWpHa9gjGAAAk
2021/06/01 00:49 info: disc mvZl5WUivHkhel_bAAAk
2021/06/01 00:49 info: disc xkeN5mTvMyaFR6F6AAAg
2021/06/01 00:49 info: disc P5R-XAy6sx0d4IhpAAAc
