2021/06/09 20:59 info: mysql key:[object Object]
2021/06/09 20:59 info: > Ready on http://localhost:3000
2021/06/09 20:59 info: sent ready signal to PM2 at
2021/06/09 20:59 info: mysql is connected successfully!
2021/06/09 21:00 info: aE campustaxiadmin 0GIQGEI4PCfVcnxrAAAB
2021/06/09 21:06 info: aE campustaxiadmin g90JDg_aGngOyoCSAAAD
2021/06/09 21:10 info: disc 0GIQGEI4PCfVcnxrAAAB
2021/06/09 21:10 info: disc g90JDg_aGngOyoCSAAAD
2021/06/09 21:10 info: aE campustaxiadmin KRpjSk3JvQfZDeeBAAAF
2021/06/09 21:15 info: disc KRpjSk3JvQfZDeeBAAAF
2021/06/09 21:17 info: aE campustaxiadmin Dv3W4_SOe42Zc3ezAAAH
2021/06/09 21:19 info: disc Dv3W4_SOe42Zc3ezAAAH
2021/06/09 21:25 info: url
2021/06/09 21:26 info: > received SIGNIT signal
2021/06/09 21:26 info: mysql key:[object Object]
2021/06/09 21:26 info: > Ready on http://localhost:3000
2021/06/09 21:26 info: mysql is connected successfully!
2021/06/09 21:27 info: url
2021/06/09 21:28 info: > received SIGNIT signal
2021/06/09 21:28 info: > Ready on http://localhost:3000
2021/06/09 21:28 info: mysql is connected successfully!
2021/06/09 21:28 info: url
2021/06/09 21:29 info: > received SIGNIT signal
2021/06/09 21:29 info: > Ready on http://localhost:3000
2021/06/09 21:29 info: mysql is connected successfully!
2021/06/09 21:37 info: > Ready on http://localhost:3000
2021/06/09 21:37 info: mysql is connected successfully!
2021/06/09 21:38 info: > received SIGNIT signal
2021/06/09 21:38 info: > Ready on http://localhost:3000
2021/06/09 21:38 info: mysql is connected successfully!
2021/06/09 21:40 info: > Ready on http://localhost:3000
2021/06/09 21:40 info: mysql is connected successfully!
2021/06/09 21:40 info: > received SIGNIT signal
2021/06/09 21:40 info: > Ready on http://localhost:3000
2021/06/09 21:43 info: > Ready on http://localhost:3000
2021/06/09 21:43 info: mysql is connected successfully!
2021/06/09 21:44 info: > Ready on http://localhost:3000
2021/06/09 21:44 info: mysql is connected successfully!
2021/06/09 21:45 info: > received SIGNIT signal
2021/06/09 21:45 info: > Ready on http://localhost:3000
2021/06/09 21:45 info: mysql is connected successfully!
2021/06/09 21:46 info: > received SIGNIT signal
2021/06/09 21:46 info: > Ready on http://localhost:3000
2021/06/09 21:46 info: mysql is connected successfully!
2021/06/09 21:50 info: disc wiP-iKDBoWqYv2k-AAAB
