2021/06/03 09:29 warn: setSocket value Err
2021/06/03 09:30 warn: setSocket value Err/socket_id/null/nickname/null
2021/06/03 09:48 warn: setSocket value Err/args/
2021/06/03 09:48 warn: setSocket value Err/socket_id/null/nickname/undefined
2021/06/03 09:49 warn: setSocket value Err/socket_id/null/nickname/undefined
2021/06/03 09:50 warn: setSocket value Err/socket_id/null/nickname/undefined
2021/06/03 09:53 warn: setSocket value Err/socket_id/null/nickname/undefined
2021/06/03 09:53 warn: setSocket value Err/args/null
2021/06/03 09:54 warn: setSocket value Err/socket_id/null/nickname/undefined
2021/06/03 09:55 warn: setSocket value Err/args/
2021/06/03 09:56 warn: setSocket value Err/args/
2021/06/03 09:57 warn: setSocket value Err/socket_id/null/nickname/undefined
2021/06/03 09:57 warn: setSocket value Err/socket_id/null/nickname/undefined
2021/06/03 09:57 warn: setSocket value Err/args/
2021/06/03 09:57 warn: setSocket value Err/args/null,
2021/06/03 10:00 warn: setSocket value Err/args/
2021/06/03 10:00 warn: setSocket value Err/args/null,
2021/06/03 10:00 warn: setSocket value Err/args/
2021/06/03 10:00 warn: setSocket value Err/args/null,
2021/06/03 10:02 warn: setSocket value Err/args/
2021/06/03 10:02 warn: setSocket value Err/args/null,
2021/06/03 10:04 warn: setSocket func Err/e/TypeError: 'caller', 'callee', and 'arguments' properties may not be accessed on strict mode functions or the arguments objects for calls to them
2021/06/03 10:04 warn: setSocket value Err/args/
2021/06/03 10:04 warn: setSocket value Err/args/null,
2021/06/03 10:06 warn: setSocket value Err/args/
2021/06/03 10:06 warn: setSocket value Err/args/null,
2021/06/03 10:06 warn: setSocket value Err/args/
2021/06/03 10:06 warn: setSocket value Err/args/null,
2021/06/03 10:07 warn: setSocket func length Err
2021/06/03 10:07 warn: setSocket value Err/args/
2021/06/03 10:07 warn: setSocket value Err/args/null,
2021/06/03 10:08 warn: setSocket func length Err
2021/06/03 10:08 warn: setSocket value Err/args/
2021/06/03 10:08 warn: setSocket value Err/args/null,
2021/06/03 10:10 warn: setSocket func length Err
2021/06/03 10:10 warn: setSocket func length Err
2021/06/03 10:10 warn: setSocket value Err/args/undefined
2021/06/03 10:12 warn: Err:setSocket func length 
2021/06/03 10:12 warn: Err:setSocket func length 
2021/06/03 10:12 warn: Err:setSocket value/args/undefined
2021/06/03 10:12 warn: Err:setSocket func length 
2021/06/03 10:12 warn: Err:setSocket func length 
2021/06/03 10:12 warn: Err:setSocket func length 
2021/06/03 10:12 warn: Err:setSocket value/args/undefined
2021/06/03 10:14 warn: Err:getNicknameBySocket func length 
2021/06/03 10:14 warn: Err:getNicknameBySocket value/args/null
2021/06/03 10:14 warn: Err:getNicknameBySocket func length 
2021/06/03 10:14 warn: Err:getNicknameBySocket func length 
2021/06/03 10:17 warn: Err:getNicknameBySocket func length 
2021/06/03 10:17 warn: Err:getNicknameBySocket value/args/null
2021/06/03 10:17 warn: Err:getNicknameBySocket func length 
2021/06/03 10:17 warn: Err:getNicknameBySocket func length 
2021/06/03 10:18 warn: Err:getNicknameBySocket func length 
2021/06/03 10:18 warn: Err:getNicknameBySocket value/args/null
2021/06/03 10:18 warn: Err:getNicknameBySocket func length 
2021/06/03 10:18 warn: Err:getNicknameBySocket func length 
2021/06/03 10:18 warn: Err:getNicknameBySocket func length 
2021/06/03 10:18 warn: Err:getNicknameBySocket value/args/null
2021/06/03 10:18 warn: Err:getNicknameBySocket func length 
2021/06/03 10:18 warn: Err:getNicknameBySocket func length 
2021/06/03 10:19 warn: Err:getNicknameBySocket func length 
2021/06/03 10:19 warn: Err:getNicknameBySocket value/args/null
2021/06/03 10:19 warn: Err:getNicknameBySocket func length 
2021/06/03 10:37 warn: Err undefineddeleteced undefined or null
2021/06/03 10:37 warn: Err undefineddeleteced undefined or null
2021/06/03 10:37 warn: Err undefineddeleteced undefined or null
2021/06/03 10:37 warn: Err undefineddeleteced undefined or null
2021/06/03 10:37 warn: Err undefineddeleteced undefined or null
2021/06/03 10:37 warn: Err undefineddeleteced undefined or null
2021/06/03 10:37 warn: Err undefineddeleteced undefined or null
2021/06/03 10:39 warn: Err appEnterdeleteced undefined or nullnicksocnull
2021/06/03 10:39 warn: Err appEnterdeleteced undefined or nullnicknullnull
2021/06/03 10:39 warn: Err appEnterdeleteced undefined or nullnicksocnull
2021/06/03 10:40 warn: Err appEnterdeleteced undefined or null:nicksocnull
2021/06/03 10:40 warn: Err appEnterdeleteced undefined or null:nicknullnull
2021/06/03 10:40 warn: Err appEnterdeleteced undefined or null:nicksocnull
2021/06/03 10:41 warn: Err appEnterdeleteced undefined or null:nicksocnull
2021/06/03 10:41 warn: Err appEnterdeleteced undefined or null:nicknullnull
2021/06/03 10:41 warn: Err appEnterdeleteced undefined or null:nicksocnull
2021/06/03 10:41 warn: Err appEnterdeleteced undefined or null:undefinednullundefined
2021/06/03 10:42 warn: Err appEnterdeleteced undefined or null:nicksocnull
2021/06/03 10:42 warn: Err appEnterdeleteced undefined or null:nicknullnull
2021/06/03 10:42 warn: Err appEnterdeleteced undefined or null:nicksocnull
2021/06/03 10:42 warn: Err appEnterdeleteced undefined or null:nicksocnull
2021/06/03 10:42 warn: Err appEnterdeleteced undefined or null:nicknullnull
2021/06/03 10:42 warn: Err appEnterdeleteced undefined or null:nicksocnull
2021/06/03 10:43 warn: Err appEnterdeleteced undefined or null:nicksocnull
2021/06/03 10:43 warn: Err appEnterdeleteced undefined or null:nicknullnull
2021/06/03 10:43 warn: Err appEnterdeleteced undefined or null:nicksocnull
2021/06/03 10:46 warn: Err appEnterdeleteced undefined or null:nicksocnull
2021/06/03 10:46 warn: Err appEnterdeleteced undefined or null:nicknullnull
2021/06/03 10:46 warn: Err appEnterdeleteced undefined or null:nicksocnull
2021/06/03 10:46 warn: Err appEnterdeleteced undefined or null:undefinedundefinedundefined
2021/06/03 10:47 warn: Err appEnterdeleteced undefined or null:nickname/nicksocket_id/soctoken/null
2021/06/03 10:47 warn: Err appEnterdeleteced undefined or null:nickname/nicksocket_id/nulltoken/null
2021/06/03 10:47 warn: Err appEnterdeleteced undefined or null:nickname/nicksocket_id/soctoken/null
2021/06/03 10:47 warn: Err appEnterdeleteced undefined or null:nickname/undefinedsocket_id/undefinedtoken/undefined
2021/06/03 10:47 warn: Err appEnterdeleteced undefined or null:nickname/nick/socket_id/soc/token/null
2021/06/03 10:47 warn: Err appEnterdeleteced undefined or null:nickname/nick/socket_id/null/token/null
2021/06/03 10:47 warn: Err appEnterdeleteced undefined or null:nickname/nick/socket_id/soc/token/null
2021/06/03 10:47 warn: Err appEnterdeleteced undefined or null:nickname/undefined/socket_id/undefined/token/undefined
2021/06/03 10:48 warn: Err appEnterdeleteced undefined or null:nickname/nick/socket_id/soc/token/null
2021/06/03 10:48 warn: Err appEnterdeleteced undefined or null:nickname/nick/socket_id/null/token/null
2021/06/03 10:48 warn: Err appEnterdeleteced undefined or null:nickname/undefined/socket_id/undefined/token/undefined
2021/06/03 10:54 warn: Err appEnterdeleteced undefined or null:nickname/nick/socket_id/soc/token/null
2021/06/03 10:54 warn: Err appEnterdeleteced undefined or null:nickname/nick/room_id/null
2021/06/03 10:54 warn: Err appEnterdeleteced undefined or null:nickname/undefined/room_id/undefined
2021/06/03 10:54 warn: Err appEnterdeleteced undefined or null:nickname/undefined
2021/06/03 10:55 warn: Err appEnter deleteced undefined or null:nickname/nick/socket_id/soc/token/null
2021/06/03 10:55 warn: Err chatEnter deleteced undefined or null:nickname/nick/room_id/null
2021/06/03 10:55 warn: Err chatExit deleteced undefined or null:nickname/undefined/room_id/undefined
2021/06/03 10:55 warn: Err Logout deleteced undefined or null:nickname/undefined
2021/06/03 14:33 info: > Ready on http://localhost:3000
2021/06/03 14:35 info: > received SIGNIT signal
2021/06/03 14:36 info: > Ready on http://localhost:3000
2021/06/03 14:36 info: > received SIGNIT signal
2021/06/03 14:36 info: > Ready on http://localhost:3100
2021/06/03 14:48 info: > received SIGNIT signal
2021/06/03 15:15 info: > Ready on http://localhost:3100
2021/06/03 15:15 info: sent ready signal to PM2 at
2021/06/03 15:17 info: > received SIGNIT signal
2021/06/03 15:23 info: > Ready on http://localhost:3100
2021/06/03 15:23 info: sent ready signal to PM2 at
2021/06/03 15:23 info: > Ready on http://localhost:3100
2021/06/03 15:23 info: sent ready signal to PM2 at
2021/06/03 15:23 info: > Ready on http://localhost:3100
2021/06/03 15:23 info: sent ready signal to PM2 at
2021/06/03 15:23 info: > Ready on http://localhost:3100
2021/06/03 15:23 info: sent ready signal to PM2 at
