2021/05/31 06:29 info: mysql key:[object Object]
2021/05/31 06:29 info: > Ready on http://localhost:3000
2021/05/31 06:29 info: sent ready signal to PM2 at
2021/05/31 06:29 info: mysql is connected successfully!
2021/05/31 06:29 info: mysql key:[object Object]
2021/05/31 06:29 info: > Ready on http://localhost:3000
2021/05/31 06:29 info: sent ready signal to PM2 at
2021/05/31 06:29 info: mysql is connected successfully!
2021/05/31 06:29 info: mysql key:[object Object]
2021/05/31 06:29 info: > Ready on http://localhost:3000
2021/05/31 06:29 info: sent ready signal to PM2 at
2021/05/31 06:29 info: mysql is connected successfully!
2021/05/31 06:29 info: mysql key:[object Object]
2021/05/31 06:29 info: > Ready on http://localhost:3000
2021/05/31 06:29 info: sent ready signal to PM2 at
2021/05/31 06:29 info: mysql is connected successfully!
2021/05/31 06:29 info: mysql key:[object Object]
2021/05/31 06:29 info: > Ready on http://localhost:3000
2021/05/31 06:29 info: sent ready signal to PM2 at
2021/05/31 06:29 info: mysql is connected successfully!
2021/05/31 06:29 info: mysql key:[object Object]
2021/05/31 06:29 info: > Ready on http://localhost:3000
2021/05/31 06:29 info: sent ready signal to PM2 at
2021/05/31 06:29 info: mysql is connected successfully!
2021/05/31 06:30 info: mysql key:[object Object]
2021/05/31 06:30 info: > Ready on http://localhost:3000
2021/05/31 06:30 info: sent ready signal to PM2 at
2021/05/31 06:30 info: mysql is connected successfully!
2021/05/31 06:30 info: mysql key:[object Object]
2021/05/31 06:30 info: > Ready on http://localhost:3000
2021/05/31 06:30 info: sent ready signal to PM2 at
2021/05/31 06:30 info: mysql is connected successfully!
2021/05/31 06:31 info: disc 1pR6S1a2aKXklJq8AAAB
2021/05/31 06:31 info: aE campustaxiadmin 365vfg5S-cULsd3xAAAF
2021/05/31 06:31 info: disc Mh8BFgV2cDOWu4GTAAAC
2021/05/31 06:31 info: disc 78SgRSxQCuy5R_8ZAAAE
2021/05/31 06:31 info: disc 17NT3-NjWjo7G3xtAAAG
2021/05/31 06:31 info: disc kxLpEUZSeEFnqTUiAAAE
2021/05/31 06:31 info: disc F9wQUlPcR8ZfQOZyAAAI
2021/05/31 06:31 info: disc THqvMlioj9q8ji1ZAAAK
2021/05/31 06:31 info: disc aHITVEUztc4-2aemAAAM
2021/05/31 06:31 info: disc Eb41zDrfFVTylnK0AAAO
2021/05/31 06:31 info: disc OH0ifMUaFz2pQFuiAAAF
2021/05/31 06:31 info: disc jkVGAr78GlrCxi8gAAAG
2021/05/31 06:31 info: cE 95 campustaxiadmin 365vfg5S-cULsd3xAAAF
2021/05/31 06:31 info: disc HuDr0tCdza6xcs0gAAAH
2021/05/31 06:32 info: cC 95 campustaxiadmin 365vfg5S-cULsd3xAAAF
2021/05/31 06:32 info: cE 95 campustaxiadmin
2021/05/31 06:32 info: disc ez3gtJSlKNROH-5vAAAN
2021/05/31 06:32 info: disc fGvf5ckz-j1dYxYyAAAP
2021/05/31 06:32 info: disc 6DdTggRyvF9392oOAAAQ
2021/05/31 06:32 info: disc wehFyTDaftrzLVoYAAAD
2021/05/31 06:32 info: disc 2jI2ILENPsQN1JEfAAAT
2021/05/31 06:32 info: disc ffq5pEBLKxRHFinkAAAT
2021/05/31 06:32 info: disc cfE0qMe-yj7lhgQbAAAV
2021/05/31 06:32 info: disc hc00-dXA5i5_sulPAAAX
2021/05/31 06:32 info: disc kmgfYxt47lc1OQAdAAAZ
2021/05/31 06:32 info: disc 7mGFRSfJJhEb1Qm4AAAb
2021/05/31 06:32 info: disc 0qC2vyelFFn826D_AAAd
2021/05/31 06:32 info: disc 9sUzxjfcbHEy2W8YAAAf
2021/05/31 06:32 info: disc Whs9h3fxYJZbpw5FAAAj
2021/05/31 06:32 info: disc 365vfg5S-cULsd3xAAAF
2021/05/31 06:32 info: disc -vGHB8yoMZqRCzn2AAAW
2021/05/31 06:32 info: disc KBHXlFpY37dODLpAAAAZ
2021/05/31 06:32 info: disc AyCiN2UPkquq-VGpAAAa
2021/05/31 06:32 info: disc mcSjPXGguLTdO8MNAAAc
2021/05/31 06:32 info: cE 93 campustaxiadmin bYvo_ECzdmKCor-bAAAh
2021/05/31 06:32 info: disc wVNGZPE_t0wbwPtpAAAL
2021/05/31 06:32 info: disc yjW5mwit_fGR2hXVAAAR
2021/05/31 06:32 info: disc SZjVkNwf17jg1enAAAAh
2021/05/31 06:32 info: disc GsGTqTqXKX_y3jG4AAAe
2021/05/31 06:32 info: disc tmNQOzLRdbGfHjvTAAAk
2021/05/31 06:32 info: disc 94A7PQ6MNhYH08YSAAAm
2021/05/31 06:32 info: aE campustaxiadmin lwgiX51dNL08rhXyAAAM
2021/05/31 06:33 info: disc bYvo_ECzdmKCor-bAAAh
2021/05/31 06:33 info: disc mAGBoUWUf3om-DKXAAAK
2021/05/31 06:33 info: disc lwgiX51dNL08rhXyAAAM
2021/05/31 06:33 info: disc lmaJSCdGi15SPHRhAAAO
2021/05/31 06:33 info: disc OBmpptsEufSBQv6VAAAC
2021/05/31 06:33 info: disc a_fSqZLubruzpNfoAAAi
2021/05/31 06:33 info: disc TZe6VUW1F4CYmgonAAAr
2021/05/31 06:33 info: disc Cg5LPYfBdFcflpWkAAAt
2021/05/31 06:33 info: disc l9DbNtZi9Ir6UjGQAAAF
2021/05/31 06:34 info: disc gQpjIem-xsXg8ThQAAAv
2021/05/31 06:34 info: disc 7BnTv4dGKDxvCvxdAAAx
2021/05/31 06:34 info: disc hJEdI21qoQ27x7N6AAAz
2021/05/31 06:34 info: disc 5WKmBDQKnUN3zy6EAAA1
2021/05/31 06:34 info: disc HD92IcBKtG2RlPpcAAA3
2021/05/31 06:34 info: disc b9Lx2ZuhTy6lwMXTAAA5
2021/05/31 06:34 info: disc AhXLUsHyP6TUMCY0AAA7
2021/05/31 06:34 info: disc YmOrbXn2-M79KPGLAAA9
2021/05/31 06:34 info: disc XO8lRiuxhe7x5-SrAAAH
2021/05/31 06:34 info: disc jMae2TilA4mwAbpmAAAQ
2021/05/31 06:34 info: disc iTn5JuJg4_KlIAXLAAAS
2021/05/31 06:34 info: disc 9kX2lP9o19nszTCuAAAK
2021/05/31 06:34 info: disc PbLHKljxZOURAPRkAAAL
2021/05/31 06:34 info: disc M37sxaMSk3SmRQQRAAAN
2021/05/31 06:35 info: disc ZUSf1t6-F0okJt7KAAAo
2021/05/31 06:35 info: disc HgZ1WWlXQwWD4dGpAABC
2021/05/31 06:35 info: disc INP0vOshOCRA_51aAABE
2021/05/31 06:35 info: disc s4RWT4OkWHRZKRdVAAA_
2021/05/31 06:35 info: disc r80Ybnn_Y-m0Y26JAABI
2021/05/31 06:35 info: disc sq8OqF-T_8m9zv15AABK
2021/05/31 06:35 info: disc NXbmQrTvaDMVRbOzAABM
2021/05/31 06:35 info: disc bNG0TWYRYYNxobmQAABO
2021/05/31 06:35 info: disc HU1CFJVpRXgSeD8zAABQ
2021/05/31 06:35 info: disc TwU5pwWpIx_spjzkAABS
2021/05/31 06:35 info: disc D4c3h6_6k-LAFVx1AAAn
2021/05/31 06:35 info: disc neHvAbOUGqwv8E6dAAAV
2021/05/31 06:35 info: disc BkQARdjCaX3OvAXkAAAY
2021/05/31 06:35 info: disc oTlNmmXKB6_neh25AAAa
2021/05/31 06:35 info: disc NbFmJZn4_EZWfbTnAAAc
2021/05/31 06:35 info: disc jNPqYeVwfhfI--wWAAAe
2021/05/31 06:35 info: disc hUECwCkyZZCtC2UIAAAg
2021/05/31 06:35 info: disc _EoR0RjheXSxifBKAAAi
2021/05/31 06:35 info: disc GQpCWMPTM0ZyzBSyAAAk
2021/05/31 06:35 info: disc -716lx1og5SY9k9yAABG
2021/05/31 06:35 info: disc bVlGNTE6F4vQ_fq3AABV
2021/05/31 06:35 info: disc QtV9nfBEeOdu6_pBAABW
2021/05/31 06:35 info: disc GataQvD73Fhe5jLPAAAJ
2021/05/31 06:37 info: disc PYThwPIhhtSLMWQ8AAAK
2021/05/31 06:37 info: disc JNAJLtVv82C9o-gmAAAM
2021/05/31 06:37 info: disc IOs9bH0t2nTLU8TkAAAO
2021/05/31 06:37 info: disc -Xqh67PGmrNz5imAAAAQ
2021/05/31 06:37 info: disc 7-_nL1ArxCscPRKlAAAS
2021/05/31 06:37 info: disc TZ3xE_LEVamNKgRqAAAU
2021/05/31 06:37 info: aE campustaxiadmin bpSxQN08BJzDA250AAAW
2021/05/31 06:37 info: disc bpSxQN08BJzDA250AAAW
2021/05/31 06:37 info: disc d3FI_QiNGyv7nw8tAAAa
2021/05/31 06:37 info: disc Bd3TACIxXR4e9_KEAAAY
2021/05/31 06:38 info: disc Oqpjf5zI34gGeLULAAAc
2021/05/31 06:39 info: disc C0WF3ilg2pYTYmhfAAAB
2021/05/31 06:39 info: disc mSL--L3ZG-3IMUJ6AAAe
2021/05/31 06:39 info: disc 8Ez7Ksy22uwS7eGwAABY
2021/05/31 06:39 info: disc 97mLlHKVWQrFP2B2AAAD
2021/05/31 06:40 info: aE campustaxiadmin ym3ERlbz9hqx1d_CAAAF
2021/05/31 06:40 info: disc ym3ERlbz9hqx1d_CAAAF
2021/05/31 06:40 info: disc VPKNA9IjKUX0sIEiAAAH
2021/05/31 06:40 info: disc ghSdoAfDx2xJser3AAAJ
2021/05/31 06:41 info: disc DNlAxgfQU6w1LAywAAAL
2021/05/31 06:41 info: disc sijhJCYKGpZd8gatAAAN
2021/05/31 06:42 info: aE campustaxiadmin sLtSpywNFuH-rQTiAAAP
2021/05/31 06:42 info: aE campustaxiadmin sLtSpywNFuH-rQTiAAAP
2021/05/31 06:42 info: aE campustaxiadmin sLtSpywNFuH-rQTiAAAP
2021/05/31 06:42 info: aE campustaxiadmin sLtSpywNFuH-rQTiAAAP
2021/05/31 06:42 info: aE campustaxiadmin sLtSpywNFuH-rQTiAAAP
2021/05/31 06:42 info: aE campustaxiadmin sLtSpywNFuH-rQTiAAAP
2021/05/31 06:43 info: aE campustaxiadmin sLtSpywNFuH-rQTiAAAP
2021/05/31 06:43 info: aE campustaxiadmin sLtSpywNFuH-rQTiAAAP
2021/05/31 06:43 info: aE campustaxiadmin sLtSpywNFuH-rQTiAAAP
2021/05/31 06:44 info: aE campustaxiadmin sLtSpywNFuH-rQTiAAAP
2021/05/31 06:44 info: aE campustaxiadmin sLtSpywNFuH-rQTiAAAP
2021/05/31 06:45 info: aE campustaxiadmin sLtSpywNFuH-rQTiAAAP
2021/05/31 06:45 info: aE campustaxiadmin sLtSpywNFuH-rQTiAAAP
2021/05/31 06:45 info: aE campustaxiadmin sLtSpywNFuH-rQTiAAAP
2021/05/31 06:45 info: aE campustaxiadmin sLtSpywNFuH-rQTiAAAP
2021/05/31 06:46 info: aE campustaxiadmin sLtSpywNFuH-rQTiAAAP
2021/05/31 06:46 info: aE campustaxiadmin sLtSpywNFuH-rQTiAAAP
2021/05/31 06:46 info: aE campustaxiadmin sLtSpywNFuH-rQTiAAAP
2021/05/31 06:46 info: aE campustaxiadmin sLtSpywNFuH-rQTiAAAP
2021/05/31 06:46 info: logu undefined sLtSpywNFuH-rQTiAAAP
2021/05/31 06:46 info: aE campustaxiadmin sLtSpywNFuH-rQTiAAAP
2021/05/31 06:47 info: aE campustaxiadmin sLtSpywNFuH-rQTiAAAP
2021/05/31 06:47 info: cE 93 campustaxiadmin sLtSpywNFuH-rQTiAAAP
2021/05/31 06:47 info: cC 93 campustaxiadmin sLtSpywNFuH-rQTiAAAP
2021/05/31 06:47 info: cE 93 campustaxiadmin
2021/05/31 06:47 info: cE 81 campustaxiadmin sLtSpywNFuH-rQTiAAAP
2021/05/31 06:47 info: cC 81 campustaxiadmin sLtSpywNFuH-rQTiAAAP
2021/05/31 06:47 info: cE 81 campustaxiadmin
2021/05/31 06:50 info: cE 75 campustaxiadmin sLtSpywNFuH-rQTiAAAP
2021/05/31 06:50 info: cC 75 campustaxiadmin sLtSpywNFuH-rQTiAAAP
2021/05/31 06:50 info: cE 75 campustaxiadmin
2021/05/31 06:50 info: cE 98 campustaxiadmin sLtSpywNFuH-rQTiAAAP
2021/05/31 06:51 info: > received SIGNIT signal
2021/05/31 06:51 info: > received SIGNIT signal
2021/05/31 06:51 info: mysql key:[object Object]
2021/05/31 06:51 info: mysql key:[object Object]
2021/05/31 06:51 info: > Ready on http://localhost:3000
2021/05/31 06:51 info: > Ready on http://localhost:3000
2021/05/31 06:51 info: sent ready signal to PM2 at
2021/05/31 06:51 info: sent ready signal to PM2 at
2021/05/31 06:51 info: mysql is connected successfully!
2021/05/31 06:51 info: mysql is connected successfully!
2021/05/31 06:51 info: > received SIGNIT signal
2021/05/31 06:51 info: > received SIGNIT signal
2021/05/31 06:51 info: > received SIGNIT signal
2021/05/31 06:51 info: > received SIGNIT signal
2021/05/31 06:51 info: mysql key:[object Object]
2021/05/31 06:51 info: mysql key:[object Object]
2021/05/31 06:51 info: > received SIGNIT signal
2021/05/31 06:51 info: > received SIGNIT signal
2021/05/31 06:51 info: > Ready on http://localhost:3000
2021/05/31 06:51 info: sent ready signal to PM2 at
2021/05/31 06:51 info: mysql is connected successfully!
2021/05/31 06:51 info: mysql key:[object Object]
2021/05/31 06:51 info: mysql is connected successfully!
2021/05/31 06:51 info: > Ready on http://localhost:3000
2021/05/31 06:51 info: sent ready signal to PM2 at
2021/05/31 06:51 info: > received SIGNIT signal
2021/05/31 06:51 info: mysql is connected successfully!
2021/05/31 06:51 info: > Ready on http://localhost:3000
2021/05/31 06:51 info: sent ready signal to PM2 at
2021/05/31 06:51 info: > received SIGNIT signal
2021/05/31 06:51 info: mysql key:[object Object]
2021/05/31 06:51 info: > Ready on http://localhost:3000
2021/05/31 06:51 info: sent ready signal to PM2 at
2021/05/31 06:51 info: mysql is connected successfully!
2021/05/31 06:51 info: > received SIGNIT signal
2021/05/31 06:51 info: > received SIGNIT signal
2021/05/31 06:51 info: > received SIGNIT signal
2021/05/31 06:51 info: > received SIGNIT signal
2021/05/31 06:51 info: mysql key:[object Object]
2021/05/31 06:51 info: > Ready on http://localhost:3000
2021/05/31 06:51 info: sent ready signal to PM2 at
2021/05/31 06:51 info: mysql is connected successfully!
2021/05/31 06:51 info: mysql key:[object Object]
2021/05/31 06:51 info: mysql key:[object Object]
2021/05/31 06:51 info: > Ready on http://localhost:3000
2021/05/31 06:51 info: sent ready signal to PM2 at
2021/05/31 06:51 info: > Ready on http://localhost:3000
2021/05/31 06:51 info: sent ready signal to PM2 at
2021/05/31 06:51 info: mysql is connected successfully!
2021/05/31 06:51 info: mysql is connected successfully!
2021/05/31 06:52 info: disc vb4GwujuycuWFegZAAAB
2021/05/31 06:52 info: mysql key:[object Object]
2021/05/31 06:52 info: mysql key:[object Object]
2021/05/31 06:52 info: mysql key:[object Object]
2021/05/31 06:52 info: mysql key:[object Object]
2021/05/31 06:52 info: > Ready on http://localhost:3000
2021/05/31 06:52 info: > Ready on http://localhost:3000
2021/05/31 06:52 info: sent ready signal to PM2 at
2021/05/31 06:52 info: sent ready signal to PM2 at
2021/05/31 06:52 info: > Ready on http://localhost:3000
2021/05/31 06:52 info: sent ready signal to PM2 at
2021/05/31 06:52 info: > Ready on http://localhost:3000
2021/05/31 06:52 info: sent ready signal to PM2 at
2021/05/31 06:52 info: mysql is connected successfully!
2021/05/31 06:52 info: mysql is connected successfully!
2021/05/31 06:52 info: mysql key:[object Object]
2021/05/31 06:52 info: mysql is connected successfully!
2021/05/31 06:52 info: mysql is connected successfully!
2021/05/31 06:52 info: > Ready on http://localhost:3000
2021/05/31 06:52 info: sent ready signal to PM2 at
2021/05/31 06:52 info: mysql is connected successfully!
2021/05/31 06:52 info: chat 98 campustaxiadmin ㅇ _ArgYRU6JtqDLqGuAAAD
2021/05/31 06:52 info: cC 98 campustaxiadmin _ArgYRU6JtqDLqGuAAAD
2021/05/31 06:52 info: cE 98 campustaxiadmin _ArgYRU6JtqDLqGuAAAD
2021/05/31 06:52 info: cC 98 campustaxiadmin _ArgYRU6JtqDLqGuAAAD
