2021/05/30 07:48 info: > Ready on http://localhost:3000
2021/05/30 07:48 info: mysql is connected successfully!
2021/05/30 07:52 info: > received SIGNIT signal
2021/05/30 07:52 info: > Ready on http://localhost:3000
2021/05/30 07:52 info: mysql is connected successfully!
2021/05/30 07:55 info: > received SIGNIT signal
2021/05/30 07:43 info: aE campustaxiadmin IVof4pTFCQdjv3sAAAAH
2021/05/30 07:44 info: disc IVof4pTFCQdjv3sAAAAH
2021/05/30 07:44 info: chat 81 campustaxiadmin ㅅㄹ q7gAOv6pW8V5hd3zAAAJ
2021/05/30 07:44 info: cC 81 campustaxiadmin q7gAOv6pW8V5hd3zAAAJ
2021/05/30 07:44 info: cE 81 campustaxiadmin
2021/05/30 07:45 info: disc q7gAOv6pW8V5hd3zAAAJ
2021/05/30 16:50 info: > Ready on http://localhost:3000
2021/05/30 16:50 info: sent ready signal to PM2 at
2021/05/30 16:50 info: mysql is connected successfully!
2021/05/30 16:50 info: > Ready on http://localhost:3000
2021/05/30 16:50 info: sent ready signal to PM2 at
2021/05/30 16:50 info: mysql is connected successfully!
2021/05/30 16:50 info: > Ready on http://localhost:3000
2021/05/30 16:50 info: sent ready signal to PM2 at
2021/05/30 16:50 info: mysql is connected successfully!
2021/05/30 16:50 info: > Ready on http://localhost:3000
2021/05/30 16:50 info: sent ready signal to PM2 at
2021/05/30 16:50 info: mysql is connected successfully!
2021/05/30 16:50 info: > Ready on http://localhost:3000
2021/05/30 16:50 info: sent ready signal to PM2 at
2021/05/30 16:50 info: mysql is connected successfully!
2021/05/30 16:50 info: > Ready on http://localhost:3000
2021/05/30 16:50 info: sent ready signal to PM2 at
2021/05/30 16:50 info: mysql is connected successfully!
2021/05/30 16:50 info: > received SIGNIT signal
2021/05/30 16:50 info: > received SIGNIT signal
2021/05/30 16:50 info: > received SIGNIT signal
2021/05/30 16:50 info: > Ready on http://localhost:3000
2021/05/30 16:50 info: sent ready signal to PM2 at
2021/05/30 16:50 info: mysql is connected successfully!
2021/05/30 16:50 info: > Ready on http://localhost:3000
2021/05/30 16:50 info: sent ready signal to PM2 at
2021/05/30 16:50 info: mysql is connected successfully!
2021/05/30 16:50 info: mysql is connected successfully!
2021/05/30 16:50 info: > Ready on http://localhost:3000
2021/05/30 16:50 info: > Ready on http://localhost:3000
2021/05/30 16:50 info: sent ready signal to PM2 at
2021/05/30 16:50 info: sent ready signal to PM2 at
2021/05/30 16:50 info: mysql is connected successfully!
2021/05/30 16:50 info: > received SIGNIT signal
2021/05/30 16:50 info: > received SIGNIT signal
2021/05/30 16:50 info: > received SIGNIT signal
2021/05/30 16:50 info: > received SIGNIT signal
2021/05/30 16:51 info: > Ready on http://localhost:3000
2021/05/30 16:51 info: sent ready signal to PM2 at
2021/05/30 16:51 info: mysql is connected successfully!
2021/05/30 16:51 info: > Ready on http://localhost:3000
2021/05/30 16:51 info: sent ready signal to PM2 at
2021/05/30 16:51 info: mysql is connected successfully!
2021/05/30 16:51 info: > Ready on http://localhost:3000
2021/05/30 16:51 info: > Ready on http://localhost:3000
2021/05/30 16:51 info: sent ready signal to PM2 at
2021/05/30 16:51 info: sent ready signal to PM2 at
2021/05/30 16:51 info: mysql is connected successfully!
2021/05/30 16:51 info: mysql is connected successfully!
2021/05/30 16:51 info: > received SIGNIT signal
2021/05/30 16:51 info: > received SIGNIT signal
2021/05/30 16:51 info: > received SIGNIT signal
2021/05/30 16:51 info: > received SIGNIT signal
2021/05/30 16:51 info: > received SIGNIT signal
2021/05/30 16:51 info: > received SIGNIT signal
2021/05/30 16:51 info: > received SIGNIT signal
2021/05/30 16:51 info: > Ready on http://localhost:3000
2021/05/30 16:51 info: sent ready signal to PM2 at
2021/05/30 16:51 info: mysql is connected successfully!
2021/05/30 16:51 info: > Ready on http://localhost:3000
2021/05/30 16:51 info: > Ready on http://localhost:3000
2021/05/30 16:52 info: > Ready on http://localhost:3000
2021/05/30 16:52 info: mysql is connected successfully!
2021/05/30 17:01 info: > received SIGNIT signal
2021/05/30 17:02 info: > Ready on http://localhost:3000
2021/05/30 17:02 info: mysql is connected successfully!
2021/05/30 17:07 info: > received SIGNIT signal
2021/05/30 17:07 info: > Ready on http://localhost:3000
2021/05/30 17:07 info: mysql is connected successfully!
2021/05/30 17:13 info: aE campustaxiadmin TkMpomXXKcPPHKT8AAAB
2021/05/30 17:13 info: cE 98 campustaxiadmin TkMpomXXKcPPHKT8AAAB
2021/05/30 17:13 info: cC 98 campustaxiadmin TkMpomXXKcPPHKT8AAAB
2021/05/30 17:13 info: cE 98 campustaxiadmin
2021/05/30 17:17 info: > received SIGNIT signal
2021/05/30 17:17 info: > Ready on http://localhost:3000
2021/05/30 17:17 info: sent ready signal to PM2 at
2021/05/30 17:17 info: mysql is connected successfully!
2021/05/30 17:17 info: > Ready on http://localhost:3000
2021/05/30 17:17 info: sent ready signal to PM2 at
2021/05/30 17:17 info: mysql is connected successfully!
2021/05/30 17:17 info: > Ready on http://localhost:3000
2021/05/30 17:17 info: sent ready signal to PM2 at
2021/05/30 17:17 info: mysql is connected successfully!
2021/05/30 17:18 info: > Ready on http://localhost:3000
2021/05/30 17:18 info: sent ready signal to PM2 at
2021/05/30 17:18 info: mysql is connected successfully!
2021/05/30 17:18 info: > Ready on http://localhost:3000
2021/05/30 17:18 info: sent ready signal to PM2 at
2021/05/30 17:18 info: mysql is connected successfully!
2021/05/30 17:18 info: > Ready on http://localhost:3000
2021/05/30 17:18 info: sent ready signal to PM2 at
2021/05/30 17:18 info: mysql is connected successfully!
2021/05/30 17:18 info: > received SIGNIT signal
2021/05/30 17:18 info: > received SIGNIT signal
2021/05/30 17:18 info: disc FmsCBqbZNuAUMHp0AAAB
2021/05/30 17:18 info: > Ready on http://localhost:3000
2021/05/30 17:18 info: sent ready signal to PM2 at
2021/05/30 17:18 info: mysql is connected successfully!
2021/05/30 17:18 info: > Ready on http://localhost:3000
2021/05/30 17:18 info: sent ready signal to PM2 at
2021/05/30 17:18 info: > Ready on http://localhost:3000
2021/05/30 17:18 info: sent ready signal to PM2 at
2021/05/30 17:18 info: mysql is connected successfully!
2021/05/30 17:18 info: > Ready on http://localhost:3000
2021/05/30 17:18 info: sent ready signal to PM2 at
2021/05/30 17:18 info: mysql is connected successfully!
2021/05/30 17:18 info: mysql is connected successfully!
2021/05/30 17:18 info: > received SIGNIT signal
2021/05/30 17:18 info: > received SIGNIT signal
2021/05/30 17:18 info: > received SIGNIT signal
2021/05/30 17:18 info: > received SIGNIT signal
2021/05/30 17:18 info: disc ofxUjZBw7pE7iWiNAAAB
2021/05/30 17:18 info: disc uwqFOzG6v4jtc3qdAAAD
2021/05/30 17:18 info: disc Tx6WtbSZaMy4nxVFAAAF
2021/05/30 17:18 info: disc o647PUnshfPmHf3kAAAH
2021/05/30 17:18 info: > Ready on http://localhost:3000
2021/05/30 17:18 info: sent ready signal to PM2 at
2021/05/30 17:18 info: mysql is connected successfully!
2021/05/30 17:19 info: > Ready on http://localhost:3000
2021/05/30 17:19 info: sent ready signal to PM2 at
2021/05/30 17:19 info: mysql is connected successfully!
2021/05/30 17:19 info: > Ready on http://localhost:3000
2021/05/30 17:19 info: sent ready signal to PM2 at
2021/05/30 17:19 info: mysql is connected successfully!
2021/05/30 17:19 info: > Ready on http://localhost:3000
2021/05/30 17:19 info: sent ready signal to PM2 at
2021/05/30 17:19 info: mysql is connected successfully!
2021/05/30 17:19 info: > Ready on http://localhost:3000
2021/05/30 17:19 info: sent ready signal to PM2 at
2021/05/30 17:19 info: mysql is connected successfully!
2021/05/30 17:20 info: > Ready on http://localhost:3000
2021/05/30 17:20 info: sent ready signal to PM2 at
2021/05/30 17:20 info: mysql is connected successfully!
2021/05/30 17:20 info: > received SIGNIT signal
2021/05/30 17:20 info: > received SIGNIT signal
2021/05/30 17:20 info: > received SIGNIT signal
2021/05/30 17:20 info: > Ready on http://localhost:3000
2021/05/30 17:20 info: sent ready signal to PM2 at
2021/05/30 17:20 info: mysql is connected successfully!
2021/05/30 17:20 info: > Ready on http://localhost:3000
2021/05/30 17:20 info: sent ready signal to PM2 at
2021/05/30 17:20 info: > Ready on http://localhost:3000
2021/05/30 17:20 info: sent ready signal to PM2 at
2021/05/30 17:20 info: mysql is connected successfully!
2021/05/30 17:20 info: mysql is connected successfully!
2021/05/30 17:20 info: > received SIGNIT signal
2021/05/30 17:20 info: > received SIGNIT signal
2021/05/30 17:20 info: > received SIGNIT signal
2021/05/30 17:20 info: > received SIGNIT signal
2021/05/30 17:20 info: > Ready on http://localhost:3000
2021/05/30 17:20 info: sent ready signal to PM2 at
2021/05/30 17:20 info: mysql is connected successfully!
2021/05/30 17:20 info: > Ready on http://localhost:3000
2021/05/30 17:20 info: sent ready signal to PM2 at
2021/05/30 17:20 info: > Ready on http://localhost:3000
2021/05/30 17:20 info: sent ready signal to PM2 at
2021/05/30 17:20 info: mysql is connected successfully!
2021/05/30 17:20 info: mysql is connected successfully!
2021/05/30 17:20 info: mysql is connected successfully!
2021/05/30 17:20 info: > Ready on http://localhost:3000
2021/05/30 17:20 info: sent ready signal to PM2 at
2021/05/30 17:20 info: > received SIGNIT signal
2021/05/30 17:20 info: > received SIGNIT signal
2021/05/30 17:20 info: > Ready on http://localhost:3000
2021/05/30 17:20 info: sent ready signal to PM2 at
2021/05/30 17:20 info: mysql is connected successfully!
2021/05/30 17:20 info: disc 4cnbty6qh7l5SMbjAAAB
2021/05/30 17:20 info: > Ready on http://localhost:3000
2021/05/30 17:20 info: sent ready signal to PM2 at
2021/05/30 17:20 info: mysql is connected successfully!
2021/05/30 17:20 info: > Ready on http://localhost:3000
2021/05/30 17:20 info: sent ready signal to PM2 at
2021/05/30 17:20 info: mysql is connected successfully!
2021/05/30 17:20 info: > Ready on http://localhost:3000
2021/05/30 17:20 info: sent ready signal to PM2 at
2021/05/30 17:20 info: mysql is connected successfully!
2021/05/30 17:20 info: > Ready on http://localhost:3000
2021/05/30 17:20 info: sent ready signal to PM2 at
2021/05/30 17:20 info: mysql is connected successfully!
2021/05/30 17:20 info: cE 81 campustaxiadmin LxHj9TV5Y1_34zzMAAAD
2021/05/30 17:20 info: disc LxHj9TV5Y1_34zzMAAAD
2021/05/30 17:20 info: disc dSUbHYCZti88VuDyAAAB
2021/05/30 17:21 info: disc Wh1jwQAupw8wuOREAAAD
2021/05/30 17:21 info: disc JScq48y2_E9bd47KAAAF
2021/05/30 17:21 info: disc NfV9ggsiWDX8-Kz4AAAH
2021/05/30 17:21 info: disc 9NGkFxE9-x9e9mnjAAAJ
2021/05/30 17:21 info: aE campustaxiadmin HN00ysp_HT1QsJIsAAAN
2021/05/30 17:21 info: disc HN00ysp_HT1QsJIsAAAN
2021/05/30 17:21 info: disc lsLMZpaUZBh73uXNAAAP
2021/05/30 17:21 info: disc oUpGsKQPqyRbNMBdAAAR
2021/05/30 17:21 info: disc 7agB4LMqTVOPcD1-AAAT
2021/05/30 17:21 info: disc 4JHiY35Fi_4mPeVUAAAV
2021/05/30 17:21 info: disc vIIfPDowa98EIxBtAAAX
2021/05/30 17:21 info: disc IXy7B6AOjzX-H-TKAAAZ
2021/05/30 17:21 info: disc HwfyFGXHrMkefoulAAAC
2021/05/30 17:21 info: aE campustaxiadmin 6diBpjeyc2EShBJ2AAAC
2021/05/30 17:21 info: disc EvumkMCrFT40zHGUAAAF
2021/05/30 17:21 info: aE campustaxiadmin d-sksI8S5XNsY9euAAAF
2021/05/30 17:21 info: aE campustaxiadmin hN2lrMEalEdOtNwSAAAG
2021/05/30 17:21 info: > received SIGNIT signal
2021/05/30 17:21 info: > received SIGNIT signal
2021/05/30 17:21 info: > received SIGNIT signal
2021/05/30 17:21 info: logu undefined hN2lrMEalEdOtNwSAAAG
2021/05/30 17:21 info: disc vUR_FtJrRkvCxZN7AAAI
2021/05/30 17:21 info: disc AAzcyNuiBGgXQVlMAAAK
2021/05/30 17:21 info: disc 1mFiw2JWKMXkUX0KAAAM
2021/05/30 17:21 info: disc KzUCSkDBMhN1cbMiAAAH
2021/05/30 17:21 info: disc 08qmVQJ78fDlsK72AAAJ
2021/05/30 17:21 info: disc 6diBpjeyc2EShBJ2AAAC
2021/05/30 17:21 info: disc BR5YvsLifDnaNKzJAAAN
2021/05/30 17:21 info: disc ilvDvd6Obfy68B0lAAAP
2021/05/30 17:21 info: disc kq4E_DyoDj1GPGX6AAAR
2021/05/30 17:21 info: disc vOah0hukMxa_bYLkAAAO
2021/05/30 17:21 info: > Ready on http://localhost:3000
2021/05/30 17:21 info: > Ready on http://localhost:3000
2021/05/30 17:21 info: sent ready signal to PM2 at
2021/05/30 17:21 info: sent ready signal to PM2 at
2021/05/30 17:21 info: mysql is connected successfully!
2021/05/30 17:21 info: mysql is connected successfully!
2021/05/30 17:21 info: > received SIGNIT signal
2021/05/30 17:21 info: > received SIGNIT signal
2021/05/30 17:21 info: > received SIGNIT signal
2021/05/30 17:22 info: > Ready on http://localhost:3000
2021/05/30 17:22 info: sent ready signal to PM2 at
2021/05/30 17:22 info: > Ready on http://localhost:3000
2021/05/30 17:22 info: sent ready signal to PM2 at
2021/05/30 17:22 info: mysql is connected successfully!
2021/05/30 17:22 info: mysql is connected successfully!
2021/05/30 17:22 info: > received SIGNIT signal
2021/05/30 17:22 info: > received SIGNIT signal
2021/05/30 17:22 info: aE campustaxiadmin sbaOR_4X-PSbbeGjAAAV
2021/05/30 17:22 info: > Ready on http://localhost:3000
2021/05/30 17:22 info: sent ready signal to PM2 at
2021/05/30 17:22 info: mysql is connected successfully!
2021/05/30 17:22 info: > Ready on http://localhost:3000
2021/05/30 17:22 info: sent ready signal to PM2 at
2021/05/30 17:22 info: mysql is connected successfully!
2021/05/30 17:22 info: > Ready on http://localhost:3000
2021/05/30 17:22 info: sent ready signal to PM2 at
2021/05/30 17:22 info: mysql is connected successfully!
2021/05/30 17:22 info: > received SIGNIT signal
2021/05/30 17:22 info: > received SIGNIT signal
2021/05/30 17:22 info: > Ready on http://localhost:3000
2021/05/30 17:22 info: sent ready signal to PM2 at
2021/05/30 17:22 info: > Ready on http://localhost:3000
2021/05/30 17:22 info: sent ready signal to PM2 at
2021/05/30 17:22 info: mysql is connected successfully!
2021/05/30 17:22 info: mysql is connected successfully!
2021/05/30 17:22 info: > received SIGNIT signal
2021/05/30 17:22 info: > received SIGNIT signal
2021/05/30 17:22 info: disc M9IAzLd5iygcJRFjAAAB
2021/05/30 17:22 info: disc pri5w6uEPABwJoGBAAAG
2021/05/30 17:22 info: disc N6T1yNbKGeY76Te1AAAI
2021/05/30 17:22 info: disc _FOFFBfxvjC8todyAAAM
2021/05/30 17:22 info: disc UQXYYR1TurZUz1aVAAAO
2021/05/30 17:22 info: > Ready on http://localhost:3000
2021/05/30 17:22 info: sent ready signal to PM2 at
2021/05/30 17:22 info: mysql is connected successfully!
2021/05/30 17:22 info: > Ready on http://localhost:3000
2021/05/30 17:22 info: sent ready signal to PM2 at
2021/05/30 17:22 info: mysql is connected successfully!
2021/05/30 17:22 info: > received SIGNIT signal
2021/05/30 17:22 info: > received SIGNIT signal
2021/05/30 17:22 info: disc Pnv3mNKstTErkyLtAAAE
2021/05/30 17:22 info: disc V6CbjdTOBGQTGYhuAAAG
2021/05/30 17:22 info: disc FC_KrRd73Fm14qqAAAAI
2021/05/30 17:22 info: > Ready on http://localhost:3000
2021/05/30 17:22 info: sent ready signal to PM2 at
2021/05/30 17:22 info: mysql is connected successfully!
2021/05/30 17:22 info: disc _sjcsCrQoNA3y8eaAAAB
2021/05/30 17:23 info: > Ready on http://localhost:3000
2021/05/30 17:23 info: sent ready signal to PM2 at
2021/05/30 17:23 info: mysql is connected successfully!
2021/05/30 17:23 info: > received SIGNIT signal
2021/05/30 17:23 info: > received SIGNIT signal
2021/05/30 17:23 info: > Ready on http://localhost:3000
2021/05/30 17:23 info: > Ready on http://localhost:3000
2021/05/30 17:23 info: > Ready on http://localhost:3000
2021/05/30 17:23 info: sent ready signal to PM2 at
2021/05/30 17:23 info: sent ready signal to PM2 at
2021/05/30 17:23 info: sent ready signal to PM2 at
2021/05/30 17:23 info: mysql is connected successfully!
2021/05/30 17:23 info: mysql is connected successfully!
2021/05/30 17:23 info: mysql is connected successfully!
2021/05/30 17:23 info: > received SIGNIT signal
2021/05/30 17:23 info: > received SIGNIT signal
2021/05/30 17:23 info: > received SIGNIT signal
2021/05/30 17:23 info: disc BO8NRs-wLhmhdkYtAAAD
2021/05/30 17:23 info: > Ready on http://localhost:3000
2021/05/30 17:23 info: sent ready signal to PM2 at
2021/05/30 17:23 info: > Ready on http://localhost:3000
2021/05/30 17:23 info: sent ready signal to PM2 at
2021/05/30 17:23 info: > Ready on http://localhost:3000
2021/05/30 17:23 info: sent ready signal to PM2 at
2021/05/30 17:23 info: mysql is connected successfully!
2021/05/30 17:23 info: mysql is connected successfully!
2021/05/30 17:23 info: mysql is connected successfully!
2021/05/30 17:23 info: > received SIGNIT signal
2021/05/30 17:23 info: mysql is connected successfully!
2021/05/30 17:23 info: > Ready on http://localhost:3000
2021/05/30 17:23 info: sent ready signal to PM2 at
2021/05/30 17:23 info: > received SIGNIT signal
2021/05/30 17:23 info: > received SIGNIT signal
2021/05/30 17:23 info: > Ready on http://localhost:3000
2021/05/30 17:23 info: sent ready signal to PM2 at
2021/05/30 17:23 info: > Ready on http://localhost:3000
2021/05/30 17:23 info: sent ready signal to PM2 at
2021/05/30 17:23 info: > Ready on http://localhost:3000
2021/05/30 17:23 info: sent ready signal to PM2 at
2021/05/30 17:23 info: mysql is connected successfully!
2021/05/30 17:23 info: mysql is connected successfully!
2021/05/30 17:23 info: mysql is connected successfully!
2021/05/30 17:23 info: > received SIGNIT signal
2021/05/30 17:23 info: > received SIGNIT signal
2021/05/30 17:23 info: > received SIGNIT signal
2021/05/30 17:23 info: > received SIGNIT signal
2021/05/30 17:23 info: > received SIGNIT signal
2021/05/30 17:23 info: disc OMf9shdy-mPKpO_wAAAG
2021/05/30 17:23 info: disc RJY_TupOmULG_rgzAAAK
2021/05/30 17:23 info: disc vDn4RVHCtfyTdqyrAAAO
2021/05/30 17:23 info: disc fUEyoifgN8oqQwOiAAAS
2021/05/30 17:23 info: disc Eb4_LE35PqjXuO2HAAAU
2021/05/30 17:23 info: > Ready on http://localhost:3000
2021/05/30 17:23 info: > Ready on http://localhost:3000
2021/05/30 17:23 info: > Ready on http://localhost:3000
2021/05/30 17:23 info: sent ready signal to PM2 at
2021/05/30 17:23 info: sent ready signal to PM2 at
2021/05/30 17:23 info: > Ready on http://localhost:3000
2021/05/30 17:23 info: sent ready signal to PM2 at
2021/05/30 17:23 info: sent ready signal to PM2 at
2021/05/30 17:23 info: mysql is connected successfully!
2021/05/30 17:23 info: mysql is connected successfully!
2021/05/30 17:23 info: mysql is connected successfully!
2021/05/30 17:23 info: mysql is connected successfully!
2021/05/30 17:23 info: > Ready on http://localhost:3000
2021/05/30 17:23 info: sent ready signal to PM2 at
2021/05/30 17:23 info: mysql is connected successfully!
2021/05/30 17:23 info: > received SIGNIT signal
2021/05/30 17:23 info: > received SIGNIT signal
2021/05/30 17:23 info: > received SIGNIT signal
2021/05/30 17:23 info: > received SIGNIT signal
2021/05/30 17:23 info: > Ready on http://localhost:3000
2021/05/30 17:23 info: > Ready on http://localhost:3000
2021/05/30 17:23 info: sent ready signal to PM2 at
2021/05/30 17:23 info: sent ready signal to PM2 at
2021/05/30 17:23 info: mysql is connected successfully!
2021/05/30 17:23 info: mysql is connected successfully!
2021/05/30 17:23 info: > received SIGNIT signal
2021/05/30 17:23 info: > Ready on http://localhost:3000
2021/05/30 17:23 info: sent ready signal to PM2 at
2021/05/30 17:23 info: mysql is connected successfully!
2021/05/30 17:23 info: > Ready on http://localhost:3000
2021/05/30 17:23 info: sent ready signal to PM2 at
2021/05/30 17:23 info: mysql is connected successfully!
2021/05/30 17:23 info: > received SIGNIT signal
2021/05/30 17:23 info: > received SIGNIT signal
2021/05/30 17:23 info: > received SIGNIT signal
2021/05/30 17:23 info: > received SIGNIT signal
2021/05/30 17:24 info: > Ready on http://localhost:3000
2021/05/30 17:24 info: > Ready on http://localhost:3000
2021/05/30 17:24 info: sent ready signal to PM2 at
2021/05/30 17:24 info: sent ready signal to PM2 at
2021/05/30 17:24 info: mysql is connected successfully!
2021/05/30 17:24 info: mysql is connected successfully!
2021/05/30 17:24 info: > Ready on http://localhost:3000
2021/05/30 17:24 info: sent ready signal to PM2 at
2021/05/30 17:24 info: mysql is connected successfully!
2021/05/30 17:24 info: > Ready on http://localhost:3000
2021/05/30 17:24 info: sent ready signal to PM2 at
2021/05/30 17:24 info: mysql is connected successfully!
2021/05/30 17:24 info: disc c0ZbQcABtfyAcBOjAAAI
2021/05/30 17:24 info: > received SIGNIT signal
2021/05/30 17:24 info: > received SIGNIT signal
2021/05/30 17:24 info: > Ready on http://localhost:3000
2021/05/30 17:24 info: sent ready signal to PM2 at
2021/05/30 17:24 info: mysql is connected successfully!
2021/05/30 17:24 info: disc bG2HpVaY_l0Xex2vAAAG
2021/05/30 17:24 info: > received SIGNIT signal
2021/05/30 17:24 info: disc PmivHKRXQ4J7VI8IAAAH
2021/05/30 17:24 info: > Ready on http://localhost:3000
2021/05/30 17:24 info: sent ready signal to PM2 at
2021/05/30 17:24 info: mysql is connected successfully!
2021/05/30 17:24 info: disc 2kZWeWmTvmD-6q_7AAAP
2021/05/30 17:24 info: disc -qdMVTBn6Qlt8F0nAAAO
2021/05/30 17:24 info: > Ready on http://localhost:3000
2021/05/30 17:24 info: sent ready signal to PM2 at
2021/05/30 17:24 info: mysql is connected successfully!
2021/05/30 17:24 info: > received SIGNIT signal
2021/05/30 17:24 info: > Ready on http://localhost:3000
2021/05/30 17:24 info: sent ready signal to PM2 at
2021/05/30 17:24 info: mysql is connected successfully!
2021/05/30 17:24 info: > received SIGNIT signal
2021/05/30 17:25 info: > Ready on http://localhost:3000
2021/05/30 17:25 info: sent ready signal to PM2 at
2021/05/30 17:25 info: mysql is connected successfully!
2021/05/30 17:25 info: > received SIGNIT signal
2021/05/30 17:25 info: disc eCGhkBbS5rKsNu7oAAAX
2021/05/30 17:25 info: disc oyOny6V29N5vl8VIAAAY
2021/05/30 17:25 info: disc ErL7okU5VH6QYdgbAAAZ
2021/05/30 17:25 info: > Ready on http://localhost:3000
2021/05/30 17:25 info: sent ready signal to PM2 at
2021/05/30 17:25 info: mysql is connected successfully!
2021/05/30 17:25 info: > received SIGNIT signal
2021/05/30 17:25 info: > received SIGNIT signal
2021/05/30 17:25 info: > Ready on http://localhost:3000
2021/05/30 17:25 info: sent ready signal to PM2 at
2021/05/30 17:25 info: mysql is connected successfully!
2021/05/30 17:25 info: > received SIGNIT signal
2021/05/30 17:25 info: > Ready on http://localhost:3000
2021/05/30 17:25 info: sent ready signal to PM2 at
2021/05/30 17:25 info: > Ready on http://localhost:3000
2021/05/30 17:25 info: sent ready signal to PM2 at
2021/05/30 17:25 info: mysql is connected successfully!
2021/05/30 17:25 info: mysql is connected successfully!
2021/05/30 17:25 info: > received SIGNIT signal
2021/05/30 17:25 info: > received SIGNIT signal
2021/05/30 17:25 info: > received SIGNIT signal
2021/05/30 17:25 info: > received SIGNIT signal
2021/05/30 17:25 info: > Ready on http://localhost:3000
2021/05/30 17:25 info: sent ready signal to PM2 at
2021/05/30 17:25 info: mysql is connected successfully!
2021/05/30 17:25 info: > Ready on http://localhost:3000
2021/05/30 17:25 info: sent ready signal to PM2 at
2021/05/30 17:25 info: mysql is connected successfully!
2021/05/30 17:25 info: > Ready on http://localhost:3000
2021/05/30 17:25 info: > Ready on http://localhost:3000
2021/05/30 17:25 info: sent ready signal to PM2 at
2021/05/30 17:25 info: sent ready signal to PM2 at
2021/05/30 17:25 info: mysql is connected successfully!
2021/05/30 17:25 info: mysql is connected successfully!
2021/05/30 17:25 info: > received SIGNIT signal
2021/05/30 17:25 info: disc o7P31G-3a83tx9EVAAAV
2021/05/30 17:25 info: disc J04b6DASkis_DyRkAAAW
2021/05/30 17:25 info: disc 8ZRIDK5jO4yiYw0eAAAB
2021/05/30 17:25 info: mysql is connected successfully!
2021/05/30 17:25 info: > Ready on http://localhost:3000
2021/05/30 17:25 info: sent ready signal to PM2 at
2021/05/30 17:25 info: > received SIGNIT signal
2021/05/30 17:25 info: > Ready on http://localhost:3000
2021/05/30 17:25 info: sent ready signal to PM2 at
2021/05/30 17:25 info: mysql is connected successfully!
2021/05/30 17:25 info: > Ready on http://localhost:3000
2021/05/30 17:25 info: sent ready signal to PM2 at
2021/05/30 17:25 info: mysql is connected successfully!
2021/05/30 17:25 info: > received SIGNIT signal
2021/05/30 17:25 info: > received SIGNIT signal
2021/05/30 17:25 info: > received SIGNIT signal
2021/05/30 17:25 info: disc DbNh2HMtY6jbaq4HAAAB
2021/05/30 17:25 info: > Ready on http://localhost:3000
2021/05/30 17:25 info: sent ready signal to PM2 at
2021/05/30 17:25 info: mysql is connected successfully!
2021/05/30 17:25 info: > Ready on http://localhost:3000
2021/05/30 17:25 info: sent ready signal to PM2 at
2021/05/30 17:25 info: > Ready on http://localhost:3000
2021/05/30 17:25 info: sent ready signal to PM2 at
2021/05/30 17:25 info: mysql is connected successfully!
2021/05/30 17:25 info: mysql is connected successfully!
2021/05/30 17:25 info: > received SIGNIT signal
2021/05/30 17:25 info: > received SIGNIT signal
2021/05/30 17:25 info: > received SIGNIT signal
2021/05/30 17:25 info: > received SIGNIT signal
2021/05/30 17:25 info: > received SIGNIT signal
2021/05/30 17:26 info: > Ready on http://localhost:3000
2021/05/30 17:26 info: sent ready signal to PM2 at
2021/05/30 17:26 info: mysql is connected successfully!
2021/05/30 17:26 info: mysql is connected successfully!
2021/05/30 17:26 info: > Ready on http://localhost:3000
2021/05/30 17:26 info: sent ready signal to PM2 at
2021/05/30 17:26 info: > received SIGNIT signal
2021/05/30 17:26 info: > Ready on http://localhost:3000
2021/05/30 17:26 info: sent ready signal to PM2 at
2021/05/30 17:26 info: mysql is connected successfully!
2021/05/30 17:26 info: > Ready on http://localhost:3000
2021/05/30 17:26 info: sent ready signal to PM2 at
2021/05/30 17:26 info: mysql is connected successfully!
2021/05/30 17:26 info: > received SIGNIT signal
2021/05/30 17:26 info: > received SIGNIT signal
2021/05/30 17:26 info: > Ready on http://localhost:3000
2021/05/30 17:26 info: sent ready signal to PM2 at
2021/05/30 17:26 info: mysql is connected successfully!
2021/05/30 17:26 info: > Ready on http://localhost:3000
2021/05/30 17:26 info: > Ready on http://localhost:3000
2021/05/30 17:26 info: sent ready signal to PM2 at
2021/05/30 17:26 info: sent ready signal to PM2 at
2021/05/30 17:26 info: > Ready on http://localhost:3000
2021/05/30 17:26 info: sent ready signal to PM2 at
2021/05/30 17:26 info: mysql is connected successfully!
2021/05/30 17:26 info: mysql is connected successfully!
2021/05/30 17:26 info: mysql is connected successfully!
2021/05/30 17:26 info: > Ready on http://localhost:3000
2021/05/30 17:26 info: sent ready signal to PM2 at
2021/05/30 17:26 info: mysql is connected successfully!
2021/05/30 17:26 info: > received SIGNIT signal
2021/05/30 17:26 info: > received SIGNIT signal
2021/05/30 17:26 info: > received SIGNIT signal
2021/05/30 17:26 info: > Ready on http://localhost:3000
2021/05/30 17:26 info: sent ready signal to PM2 at
2021/05/30 17:26 info: mysql is connected successfully!
2021/05/30 17:26 info: > Ready on http://localhost:3000
2021/05/30 17:26 info: sent ready signal to PM2 at
2021/05/30 17:26 info: > received SIGNIT signal
2021/05/30 17:26 info: mysql is connected successfully!
2021/05/30 17:26 info: > received SIGNIT signal
2021/05/30 17:26 info: > received SIGNIT signal
2021/05/30 17:26 info: > Ready on http://localhost:3000
2021/05/30 17:26 info: > Ready on http://localhost:3000
2021/05/30 17:26 info: sent ready signal to PM2 at
2021/05/30 17:26 info: sent ready signal to PM2 at
2021/05/30 17:26 info: mysql is connected successfully!
2021/05/30 17:26 info: mysql is connected successfully!
2021/05/30 17:26 info: > Ready on http://localhost:3000
2021/05/30 17:26 info: sent ready signal to PM2 at
2021/05/30 17:26 info: mysql is connected successfully!
2021/05/30 17:26 info: > received SIGNIT signal
2021/05/30 17:26 info: > received SIGNIT signal
2021/05/30 17:26 info: > received SIGNIT signal
2021/05/30 17:26 info: > Ready on http://localhost:3000
2021/05/30 17:26 info: > Ready on http://localhost:3000
2021/05/30 17:26 info: > Ready on http://localhost:3000
2021/05/30 17:26 info: sent ready signal to PM2 at
2021/05/30 17:26 info: sent ready signal to PM2 at
2021/05/30 17:26 info: sent ready signal to PM2 at
2021/05/30 17:26 info: mysql is connected successfully!
2021/05/30 17:26 info: mysql is connected successfully!
2021/05/30 17:26 info: mysql is connected successfully!
2021/05/30 17:26 info: > received SIGNIT signal
2021/05/30 17:26 info: > received SIGNIT signal
2021/05/30 17:27 info: > Ready on http://localhost:3000
2021/05/30 17:27 info: sent ready signal to PM2 at
2021/05/30 17:27 info: mysql is connected successfully!
2021/05/30 17:27 info: > Ready on http://localhost:3000
2021/05/30 17:27 info: sent ready signal to PM2 at
2021/05/30 17:27 info: mysql is connected successfully!
2021/05/30 17:27 info: > received SIGNIT signal
2021/05/30 17:27 info: > received SIGNIT signal
2021/05/30 17:27 info: > Ready on http://localhost:3000
2021/05/30 17:27 info: > Ready on http://localhost:3000
2021/05/30 17:27 info: > Ready on http://localhost:3000
2021/05/30 17:27 info: sent ready signal to PM2 at
2021/05/30 17:27 info: sent ready signal to PM2 at
2021/05/30 17:27 info: sent ready signal to PM2 at
2021/05/30 17:27 info: mysql is connected successfully!
2021/05/30 17:27 info: mysql is connected successfully!
2021/05/30 17:27 info: mysql is connected successfully!
2021/05/30 17:27 info: > received SIGNIT signal
2021/05/30 17:27 info: > received SIGNIT signal
2021/05/30 17:27 info: > received SIGNIT signal
2021/05/30 17:27 info: > Ready on http://localhost:3000
2021/05/30 17:27 info: sent ready signal to PM2 at
2021/05/30 17:27 info: > Ready on http://localhost:3000
2021/05/30 17:27 info: > Ready on http://localhost:3000
2021/05/30 17:27 info: sent ready signal to PM2 at
2021/05/30 17:27 info: sent ready signal to PM2 at
2021/05/30 17:27 info: mysql is connected successfully!
2021/05/30 17:27 info: mysql is connected successfully!
2021/05/30 17:27 info: mysql is connected successfully!
2021/05/30 17:27 info: > received SIGNIT signal
2021/05/30 17:27 info: > received SIGNIT signal
2021/05/30 17:27 info: > received SIGNIT signal
2021/05/30 17:27 info: > received SIGNIT signal
2021/05/30 17:28 info: > Ready on http://localhost:3000
2021/05/30 17:28 info: sent ready signal to PM2 at
2021/05/30 17:28 info: mysql is connected successfully!
2021/05/30 17:28 info: > Ready on http://localhost:3000
2021/05/30 17:28 info: sent ready signal to PM2 at
2021/05/30 17:28 info: mysql is connected successfully!
2021/05/30 17:28 info: > Ready on http://localhost:3000
2021/05/30 17:28 info: sent ready signal to PM2 at
2021/05/30 17:28 info: mysql is connected successfully!
2021/05/30 17:28 info: > Ready on http://localhost:3000
2021/05/30 17:28 info: > received SIGNIT signal
2021/05/30 17:28 info: sent ready signal to PM2 at
2021/05/30 17:28 info: mysql is connected successfully!
2021/05/30 17:28 info: > received SIGNIT signal
2021/05/30 17:28 info: > received SIGNIT signal
2021/05/30 17:28 info: > received SIGNIT signal
2021/05/30 17:28 info: > received SIGNIT signal
2021/05/30 17:28 info: > Ready on http://localhost:3000
2021/05/30 17:28 info: > Ready on http://localhost:3000
2021/05/30 17:28 info: sent ready signal to PM2 at
2021/05/30 17:28 info: sent ready signal to PM2 at
2021/05/30 17:28 info: > Ready on http://localhost:3000
2021/05/30 17:28 info: sent ready signal to PM2 at
2021/05/30 17:28 info: mysql is connected successfully!
2021/05/30 17:28 info: mysql is connected successfully!
2021/05/30 17:28 info: mysql is connected successfully!
2021/05/30 17:28 info: > Ready on http://localhost:3000
2021/05/30 17:28 info: sent ready signal to PM2 at
2021/05/30 17:28 info: mysql is connected successfully!
2021/05/30 17:28 info: > Ready on http://localhost:3000
2021/05/30 17:28 info: sent ready signal to PM2 at
2021/05/30 17:28 info: mysql is connected successfully!
2021/05/30 17:28 info: > received SIGNIT signal
2021/05/30 17:28 info: > received SIGNIT signal
2021/05/30 17:28 info: > received SIGNIT signal
2021/05/30 17:28 info: > received SIGNIT signal
2021/05/30 17:28 info: > Ready on http://localhost:3000
2021/05/30 17:28 info: > Ready on http://localhost:3000
2021/05/30 17:28 info: sent ready signal to PM2 at
2021/05/30 17:28 info: sent ready signal to PM2 at
2021/05/30 17:28 info: mysql is connected successfully!
2021/05/30 17:28 info: mysql is connected successfully!
2021/05/30 17:28 info: > received SIGNIT signal
2021/05/30 17:28 info: > received SIGNIT signal
2021/05/30 17:28 info: > received SIGNIT signal
2021/05/30 17:28 info: > received SIGNIT signal
2021/05/30 17:28 info: > Ready on http://localhost:3000
2021/05/30 17:28 info: sent ready signal to PM2 at
2021/05/30 17:28 info: mysql is connected successfully!
2021/05/30 17:28 info: > Ready on http://localhost:3000
2021/05/30 17:28 info: sent ready signal to PM2 at
2021/05/30 17:28 info: mysql is connected successfully!
2021/05/30 17:28 info: > received SIGNIT signal
2021/05/30 17:28 info: > Ready on http://localhost:3000
2021/05/30 17:28 info: sent ready signal to PM2 at
2021/05/30 17:28 info: mysql is connected successfully!
2021/05/30 17:28 info: > received SIGNIT signal
2021/05/30 17:28 info: > received SIGNIT signal
2021/05/30 17:28 info: > Ready on http://localhost:3000
2021/05/30 17:28 info: sent ready signal to PM2 at
2021/05/30 17:28 info: mysql is connected successfully!
2021/05/30 17:28 info: > Ready on http://localhost:3000
2021/05/30 17:28 info: sent ready signal to PM2 at
2021/05/30 17:28 info: mysql is connected successfully!
2021/05/30 17:28 info: > Ready on http://localhost:3000
2021/05/30 17:28 info: sent ready signal to PM2 at
2021/05/30 17:28 info: > Ready on http://localhost:3000
2021/05/30 17:28 info: sent ready signal to PM2 at
2021/05/30 17:28 info: mysql is connected successfully!
2021/05/30 17:28 info: mysql is connected successfully!
2021/05/30 17:28 info: > received SIGNIT signal
2021/05/30 17:28 info: > received SIGNIT signal
2021/05/30 17:28 info: > received SIGNIT signal
2021/05/30 17:28 info: > received SIGNIT signal
2021/05/30 17:28 info: > Ready on http://localhost:3000
2021/05/30 17:28 info: sent ready signal to PM2 at
2021/05/30 17:28 info: mysql is connected successfully!
2021/05/30 17:28 info: > received SIGNIT signal
2021/05/30 17:29 info: > Ready on http://localhost:3000
2021/05/30 17:29 info: sent ready signal to PM2 at
2021/05/30 17:29 info: mysql is connected successfully!
2021/05/30 17:29 info: > Ready on http://localhost:3000
2021/05/30 17:29 info: sent ready signal to PM2 at
2021/05/30 17:29 info: mysql is connected successfully!
2021/05/30 17:29 info: > Ready on http://localhost:3000
2021/05/30 17:29 info: sent ready signal to PM2 at
2021/05/30 17:29 info: > Ready on http://localhost:3000
2021/05/30 17:29 info: sent ready signal to PM2 at
2021/05/30 17:29 info: mysql is connected successfully!
2021/05/30 17:29 info: mysql is connected successfully!
2021/05/30 17:29 info: > received SIGNIT signal
2021/05/30 17:29 info: > received SIGNIT signal
2021/05/30 17:29 info: > received SIGNIT signal
2021/05/30 17:29 info: > received SIGNIT signal
2021/05/30 17:29 info: > Ready on http://localhost:3000
2021/05/30 17:29 info: > Ready on http://localhost:3000
2021/05/30 17:29 info: sent ready signal to PM2 at
2021/05/30 17:29 info: sent ready signal to PM2 at
2021/05/30 17:29 info: mysql is connected successfully!
2021/05/30 17:29 info: mysql is connected successfully!
2021/05/30 17:29 info: > Ready on http://localhost:3000
2021/05/30 17:29 info: sent ready signal to PM2 at
2021/05/30 17:29 info: mysql is connected successfully!
2021/05/30 17:29 info: mysql is connected successfully!
2021/05/30 17:29 info: > Ready on http://localhost:3000
2021/05/30 17:29 info: sent ready signal to PM2 at
2021/05/30 17:29 info: > received SIGNIT signal
2021/05/30 17:29 info: > received SIGNIT signal
2021/05/30 17:29 info: > received SIGNIT signal
2021/05/30 17:29 info: > received SIGNIT signal
2021/05/30 17:29 info: > received SIGNIT signal
2021/05/30 17:29 info: > Ready on http://localhost:3000
2021/05/30 17:29 info: sent ready signal to PM2 at
2021/05/30 17:29 info: mysql is connected successfully!
2021/05/30 17:29 info: > received SIGNIT signal
2021/05/30 17:29 info: > Ready on http://localhost:3000
2021/05/30 17:29 info: sent ready signal to PM2 at
2021/05/30 17:29 info: > Ready on http://localhost:3000
2021/05/30 17:29 info: sent ready signal to PM2 at
2021/05/30 17:29 info: > Ready on http://localhost:3000
2021/05/30 17:29 info: sent ready signal to PM2 at
2021/05/30 17:29 info: mysql is connected successfully!
2021/05/30 17:29 info: mysql is connected successfully!
2021/05/30 17:29 info: mysql is connected successfully!
2021/05/30 17:29 info: > Ready on http://localhost:3000
2021/05/30 17:29 info: sent ready signal to PM2 at
2021/05/30 17:29 info: mysql is connected successfully!
2021/05/30 17:29 info: > received SIGNIT signal
2021/05/30 17:29 info: > Ready on http://localhost:3000
2021/05/30 17:29 info: sent ready signal to PM2 at
2021/05/30 17:29 info: mysql is connected successfully!
2021/05/30 17:29 info: mysql is connected successfully!
2021/05/30 17:29 info: mysql is connected successfully!
2021/05/30 17:29 info: > Ready on http://localhost:3000
2021/05/30 17:29 info: > Ready on http://localhost:3000
2021/05/30 17:29 info: sent ready signal to PM2 at
2021/05/30 17:29 info: sent ready signal to PM2 at
2021/05/30 17:29 info: > received SIGNIT signal
2021/05/30 17:29 info: > received SIGNIT signal
2021/05/30 17:29 info: > received SIGNIT signal
2021/05/30 17:29 info: > received SIGNIT signal
2021/05/30 17:29 info: > received SIGNIT signal
2021/05/30 17:29 info: > received SIGNIT signal
2021/05/30 17:29 info: > received SIGNIT signal
2021/05/30 17:29 info: > Ready on http://localhost:3000
2021/05/30 17:29 info: sent ready signal to PM2 at
2021/05/30 17:29 info: > Ready on http://localhost:3000
2021/05/30 17:29 info: sent ready signal to PM2 at
2021/05/30 17:29 info: mysql is connected successfully!
2021/05/30 17:29 info: mysql is connected successfully!
2021/05/30 23:25 info: sent ready signal to PM2 at
2021/05/30 23:25 info: mysql is connected successfully!
2021/05/30 23:25 info: sent ready signal to PM2 at
2021/05/30 23:25 info: mysql is connected successfully!
2021/05/30 23:25 info: sent ready signal to PM2 at
2021/05/30 23:25 info: mysql is connected successfully!
2021/05/30 23:25 info: sent ready signal to PM2 at
2021/05/30 23:25 info: mysql is connected successfully!
2021/05/30 23:25 info: sent ready signal to PM2 at
2021/05/30 23:25 info: mysql is connected successfully!
2021/05/30 23:25 info: sent ready signal to PM2 at
2021/05/30 23:25 info: mysql is connected successfully!
2021/05/30 23:25 info: sent ready signal to PM2 at
2021/05/30 23:25 info: mysql is connected successfully!
2021/05/30 23:25 info: sent ready signal to PM2 at
2021/05/30 23:25 info: mysql is connected successfully!
2021/05/30 23:25 info: sent ready signal to PM2 at
2021/05/30 23:25 info: mysql is connected successfully!
2021/05/30 23:25 info: > received SIGNIT signal
2021/05/30 23:25 info: > received SIGNIT signal
2021/05/30 23:25 info: sent ready signal to PM2 at
2021/05/30 23:25 info: mysql is connected successfully!
2021/05/30 23:25 info: > received SIGNIT signal
2021/05/30 23:25 info: sent ready signal to PM2 at
2021/05/30 23:25 info: mysql is connected successfully!
2021/05/30 23:25 info: sent ready signal to PM2 at
2021/05/30 23:25 info: mysql is connected successfully!
2021/05/30 23:25 info: > received SIGNIT signal
2021/05/30 23:25 info: > received SIGNIT signal
2021/05/30 23:25 info: > received SIGNIT signal
2021/05/30 23:25 info: sent ready signal to PM2 at
2021/05/30 23:25 info: mysql is connected successfully!
2021/05/30 23:25 info: > received SIGNIT signal
2021/05/30 23:25 info: sent ready signal to PM2 at
2021/05/30 23:25 info: sent ready signal to PM2 at
2021/05/30 23:25 info: > received SIGNIT signal
2021/05/30 23:25 info: mysql is connected successfully!
2021/05/30 23:25 info: > received SIGNIT signal
2021/05/30 23:25 info: mysql is connected successfully!
2021/05/30 23:25 info: > received SIGNIT signal
2021/05/30 23:25 info: > received SIGNIT signal
2021/05/30 23:25 info: sent ready signal to PM2 at
2021/05/30 23:25 info: mysql is connected successfully!
2021/05/30 23:25 info: > received SIGNIT signal
2021/05/30 23:25 info: sent ready signal to PM2 at
2021/05/30 23:25 info: mysql is connected successfully!
2021/05/30 23:25 info: sent ready signal to PM2 at
2021/05/30 23:25 info: mysql is connected successfully!
2021/05/30 23:25 info: sent ready signal to PM2 at
2021/05/30 23:25 info: sent ready signal to PM2 at
2021/05/30 23:25 info: mysql is connected successfully!
2021/05/30 23:25 info: mysql is connected successfully!
2021/05/30 23:25 info: sent ready signal to PM2 at
2021/05/30 23:25 info: mysql is connected successfully!
2021/05/30 23:25 info: > received SIGNIT signal
2021/05/30 23:25 info: > received SIGNIT signal
2021/05/30 23:25 info: > received SIGNIT signal
2021/05/30 23:25 info: sent ready signal to PM2 at
2021/05/30 23:25 info: mysql is connected successfully!
2021/05/30 23:25 info: > received SIGNIT signal
2021/05/30 23:25 info: sent ready signal to PM2 at
2021/05/30 23:25 info: sent ready signal to PM2 at
2021/05/30 23:25 info: > received SIGNIT signal
2021/05/30 23:25 info: mysql is connected successfully!
2021/05/30 23:25 info: mysql is connected successfully!
2021/05/30 23:25 info: > received SIGNIT signal
2021/05/30 23:25 info: > received SIGNIT signal
2021/05/30 23:25 info: > received SIGNIT signal
2021/05/30 23:26 info: sent ready signal to PM2 at
2021/05/30 23:26 info: mysql is connected successfully!
2021/05/30 23:26 info: > received SIGNIT signal
2021/05/30 23:26 info: sent ready signal to PM2 at
2021/05/30 23:26 info: > received SIGNIT signal
2021/05/30 23:26 info: mysql is connected successfully!
2021/05/30 23:26 info: sent ready signal to PM2 at
2021/05/30 23:26 info: mysql is connected successfully!
2021/05/30 23:26 info: > received SIGNIT signal
2021/05/30 23:26 info: sent ready signal to PM2 at
2021/05/30 23:26 info: mysql is connected successfully!
2021/05/30 23:26 info: sent ready signal to PM2 at
2021/05/30 23:26 info: mysql is connected successfully!
2021/05/30 23:26 info: sent ready signal to PM2 at
2021/05/30 23:26 info: sent ready signal to PM2 at
2021/05/30 23:26 info: > received SIGNIT signal
2021/05/30 23:26 info: mysql is connected successfully!
2021/05/30 23:26 info: mysql is connected successfully!
2021/05/30 23:26 info: > received SIGNIT signal
2021/05/30 23:26 info: > received SIGNIT signal
2021/05/30 23:26 info: sent ready signal to PM2 at
2021/05/30 23:26 info: mysql is connected successfully!
2021/05/30 23:26 info: sent ready signal to PM2 at
2021/05/30 23:26 info: > received SIGNIT signal
2021/05/30 23:26 info: sent ready signal to PM2 at
2021/05/30 23:26 info: mysql is connected successfully!
2021/05/30 23:26 info: mysql is connected successfully!
2021/05/30 23:26 info: > received SIGNIT signal
2021/05/30 23:26 info: > received SIGNIT signal
2021/05/30 23:26 info: > received SIGNIT signal
2021/05/30 23:26 info: sent ready signal to PM2 at
2021/05/30 23:26 info: > received SIGNIT signal
2021/05/30 23:26 info: mysql is connected successfully!
2021/05/30 23:26 info: sent ready signal to PM2 at
2021/05/30 23:26 info: mysql is connected successfully!
2021/05/30 23:26 info: > received SIGNIT signal
2021/05/30 23:26 info: sent ready signal to PM2 at
2021/05/30 23:26 info: > received SIGNIT signal
2021/05/30 23:26 info: mysql is connected successfully!
2021/05/30 23:26 info: > received SIGNIT signal
2021/05/30 23:26 info: sent ready signal to PM2 at
2021/05/30 23:26 info: mysql is connected successfully!
2021/05/30 23:26 info: sent ready signal to PM2 at
2021/05/30 23:26 info: mysql is connected successfully!
2021/05/30 23:26 info: > received SIGNIT signal
2021/05/30 23:26 info: sent ready signal to PM2 at
2021/05/30 23:26 info: mysql is connected successfully!
2021/05/30 23:26 info: sent ready signal to PM2 at
2021/05/30 23:26 info: > received SIGNIT signal
2021/05/30 23:26 info: sent ready signal to PM2 at
2021/05/30 23:26 info: mysql is connected successfully!
2021/05/30 23:26 info: mysql is connected successfully!
2021/05/30 23:26 info: > received SIGNIT signal
2021/05/30 23:26 info: > received SIGNIT signal
2021/05/30 23:26 info: sent ready signal to PM2 at
2021/05/30 23:26 info: mysql is connected successfully!
2021/05/30 23:26 info: sent ready signal to PM2 at
2021/05/30 23:26 info: mysql is connected successfully!
2021/05/30 23:26 info: sent ready signal to PM2 at
2021/05/30 23:26 info: > received SIGNIT signal
2021/05/30 23:26 info: mysql is connected successfully!
2021/05/30 23:26 info: > received SIGNIT signal
2021/05/30 23:26 info: sent ready signal to PM2 at
2021/05/30 23:26 info: mysql is connected successfully!
2021/05/30 23:26 info: > received SIGNIT signal
2021/05/30 23:26 info: sent ready signal to PM2 at
2021/05/30 23:26 info: mysql is connected successfully!
2021/05/30 23:26 info: sent ready signal to PM2 at
2021/05/30 23:26 info: > received SIGNIT signal
2021/05/30 23:26 info: mysql is connected successfully!
2021/05/30 23:26 info: sent ready signal to PM2 at
2021/05/30 23:26 info: mysql is connected successfully!
2021/05/30 23:26 info: > received SIGNIT signal
2021/05/30 23:26 info: > received SIGNIT signal
2021/05/30 23:26 info: > received SIGNIT signal
2021/05/30 23:26 info: sent ready signal to PM2 at
2021/05/30 23:26 info: mysql is connected successfully!
2021/05/30 23:26 info: > received SIGNIT signal
2021/05/30 23:26 info: sent ready signal to PM2 at
2021/05/30 23:26 info: > received SIGNIT signal
2021/05/30 23:26 info: mysql is connected successfully!
2021/05/30 23:26 info: sent ready signal to PM2 at
2021/05/30 23:26 info: sent ready signal to PM2 at
2021/05/30 23:26 info: mysql is connected successfully!
2021/05/30 23:26 info: > received SIGNIT signal
2021/05/30 23:26 info: mysql is connected successfully!
2021/05/30 23:26 info: > received SIGNIT signal
2021/05/30 23:26 info: > received SIGNIT signal
2021/05/30 23:26 info: > received SIGNIT signal
2021/05/30 23:26 info: sent ready signal to PM2 at
2021/05/30 23:26 info: sent ready signal to PM2 at
2021/05/30 23:26 info: mysql is connected successfully!
2021/05/30 23:26 info: mysql is connected successfully!
2021/05/30 23:26 info: sent ready signal to PM2 at
2021/05/30 23:26 info: mysql is connected successfully!
2021/05/30 23:26 info: > received SIGNIT signal
2021/05/30 23:26 info: sent ready signal to PM2 at
2021/05/30 23:26 info: mysql is connected successfully!
2021/05/30 23:26 info: > received SIGNIT signal
2021/05/30 23:26 info: sent ready signal to PM2 at
2021/05/30 23:26 info: mysql is connected successfully!
2021/05/30 23:26 info: > received SIGNIT signal
2021/05/30 23:26 info: sent ready signal to PM2 at
2021/05/30 23:26 info: mysql is connected successfully!
2021/05/30 23:26 info: sent ready signal to PM2 at
2021/05/30 23:26 info: mysql is connected successfully!
2021/05/30 23:26 info: sent ready signal to PM2 at
2021/05/30 23:26 info: mysql is connected successfully!
2021/05/30 23:26 info: sent ready signal to PM2 at
2021/05/30 23:26 info: mysql is connected successfully!
2021/05/30 23:26 info: sent ready signal to PM2 at
2021/05/30 23:26 info: > received SIGNIT signal
2021/05/30 23:26 info: mysql is connected successfully!
2021/05/30 23:26 info: > received SIGNIT signal
2021/05/30 23:26 info: > received SIGNIT signal
2021/05/30 23:26 info: sent ready signal to PM2 at
2021/05/30 23:26 info: > received SIGNIT signal
2021/05/30 23:26 info: sent ready signal to PM2 at
2021/05/30 23:26 info: mysql is connected successfully!
2021/05/30 23:26 info: > received SIGNIT signal
2021/05/30 23:26 info: mysql is connected successfully!
2021/05/30 23:26 info: > received SIGNIT signal
2021/05/30 23:26 info: > received SIGNIT signal
2021/05/30 23:26 info: sent ready signal to PM2 at
2021/05/30 23:26 info: sent ready signal to PM2 at
2021/05/30 23:26 info: mysql is connected successfully!
2021/05/30 23:26 info: > received SIGNIT signal
2021/05/30 23:26 info: mysql is connected successfully!
2021/05/30 23:26 info: > received SIGNIT signal
2021/05/30 23:26 info: sent ready signal to PM2 at
2021/05/30 23:26 info: sent ready signal to PM2 at
2021/05/30 23:26 info: > received SIGNIT signal
2021/05/30 23:26 info: mysql is connected successfully!
2021/05/30 23:26 info: mysql is connected successfully!
2021/05/30 23:26 info: > received SIGNIT signal
2021/05/30 23:26 info: > received SIGNIT signal
2021/05/30 23:26 info: sent ready signal to PM2 at
2021/05/30 23:26 info: mysql is connected successfully!
2021/05/30 23:26 info: > received SIGNIT signal
2021/05/30 23:26 info: sent ready signal to PM2 at
2021/05/30 23:26 info: > received SIGNIT signal
2021/05/30 23:26 info: mysql is connected successfully!
2021/05/30 23:26 info: sent ready signal to PM2 at
2021/05/30 23:26 info: mysql is connected successfully!
2021/05/30 23:26 info: sent ready signal to PM2 at
2021/05/30 23:26 info: mysql is connected successfully!
2021/05/30 23:26 info: sent ready signal to PM2 at
2021/05/30 23:26 info: mysql is connected successfully!
2021/05/30 23:26 info: sent ready signal to PM2 at
2021/05/30 23:26 info: mysql is connected successfully!
2021/05/30 23:26 info: sent ready signal to PM2 at
2021/05/30 23:26 info: mysql is connected successfully!
2021/05/30 23:27 info: sent ready signal to PM2 at
2021/05/30 23:27 info: mysql is connected successfully!
2021/05/30 23:27 info: > received SIGNIT signal
2021/05/30 23:27 info: > received SIGNIT signal
2021/05/30 23:27 info: sent ready signal to PM2 at
2021/05/30 23:27 info: mysql is connected successfully!
2021/05/30 23:27 info: > received SIGNIT signal
2021/05/30 23:27 info: sent ready signal to PM2 at
2021/05/30 23:27 info: mysql is connected successfully!
2021/05/30 23:27 info: sent ready signal to PM2 at
2021/05/30 23:27 info: mysql is connected successfully!
2021/05/30 23:27 info: > received SIGNIT signal
2021/05/30 23:27 info: > received SIGNIT signal
2021/05/30 23:27 info: > received SIGNIT signal
2021/05/30 23:27 info: sent ready signal to PM2 at
2021/05/30 23:27 info: mysql is connected successfully!
2021/05/30 23:27 info: > received SIGNIT signal
2021/05/30 23:27 info: sent ready signal to PM2 at
2021/05/30 23:27 info: > received SIGNIT signal
2021/05/30 23:27 info: mysql is connected successfully!
2021/05/30 23:27 info: sent ready signal to PM2 at
2021/05/30 23:27 info: > received SIGNIT signal
2021/05/30 23:27 info: mysql is connected successfully!
2021/05/30 23:27 info: > received SIGNIT signal
2021/05/30 23:27 info: > received SIGNIT signal
2021/05/30 23:27 info: sent ready signal to PM2 at
2021/05/30 23:27 info: mysql is connected successfully!
2021/05/30 23:27 info: > received SIGNIT signal
2021/05/30 23:27 info: sent ready signal to PM2 at
2021/05/30 23:27 info: sent ready signal to PM2 at
2021/05/30 23:27 info: mysql is connected successfully!
2021/05/30 23:27 info: > received SIGNIT signal
2021/05/30 23:27 info: mysql is connected successfully!
2021/05/30 23:27 info: sent ready signal to PM2 at
2021/05/30 23:27 info: > received SIGNIT signal
2021/05/30 23:27 info: mysql is connected successfully!
2021/05/30 23:27 info: sent ready signal to PM2 at
2021/05/30 23:27 info: mysql is connected successfully!
2021/05/30 23:27 info: > received SIGNIT signal
2021/05/30 23:27 info: > received SIGNIT signal
2021/05/30 23:27 info: sent ready signal to PM2 at
2021/05/30 23:27 info: mysql is connected successfully!
2021/05/30 23:27 info: sent ready signal to PM2 at
2021/05/30 23:27 info: mysql is connected successfully!
2021/05/30 23:27 info: sent ready signal to PM2 at
2021/05/30 23:27 info: mysql is connected successfully!
2021/05/30 23:27 info: sent ready signal to PM2 at
2021/05/30 23:27 info: > received SIGNIT signal
2021/05/30 23:27 info: mysql is connected successfully!
2021/05/30 23:27 info: > received SIGNIT signal
2021/05/30 23:27 info: > received SIGNIT signal
2021/05/30 23:27 info: sent ready signal to PM2 at
2021/05/30 23:27 info: mysql is connected successfully!
2021/05/30 23:27 info: > received SIGNIT signal
2021/05/30 23:27 info: sent ready signal to PM2 at
2021/05/30 23:27 info: sent ready signal to PM2 at
2021/05/30 23:27 info: > received SIGNIT signal
2021/05/30 23:27 info: mysql is connected successfully!
2021/05/30 23:27 info: mysql is connected successfully!
2021/05/30 23:27 info: > received SIGNIT signal
2021/05/30 23:27 info: sent ready signal to PM2 at
2021/05/30 23:27 info: > received SIGNIT signal
2021/05/30 23:27 info: mysql is connected successfully!
2021/05/30 23:27 info: sent ready signal to PM2 at
2021/05/30 23:27 info: sent ready signal to PM2 at
2021/05/30 23:27 info: mysql is connected successfully!
2021/05/30 23:27 info: mysql is connected successfully!
2021/05/30 23:27 info: > received SIGNIT signal
2021/05/30 23:27 info: sent ready signal to PM2 at
2021/05/30 23:27 info: > received SIGNIT signal
2021/05/30 23:27 info: mysql is connected successfully!
2021/05/30 23:27 info: > received SIGNIT signal
2021/05/30 23:27 info: sent ready signal to PM2 at
2021/05/30 23:27 info: > received SIGNIT signal
2021/05/30 23:27 info: mysql is connected successfully!
2021/05/30 23:27 info: sent ready signal to PM2 at
2021/05/30 23:27 info: sent ready signal to PM2 at
2021/05/30 23:27 info: > received SIGNIT signal
2021/05/30 23:27 info: mysql is connected successfully!
2021/05/30 23:27 info: mysql is connected successfully!
2021/05/30 23:27 info: > received SIGNIT signal
2021/05/30 23:27 info: > received SIGNIT signal
2021/05/30 23:27 info: sent ready signal to PM2 at
2021/05/30 23:27 info: > received SIGNIT signal
2021/05/30 23:27 info: mysql is connected successfully!
2021/05/30 23:27 info: sent ready signal to PM2 at
2021/05/30 23:27 info: mysql is connected successfully!
2021/05/30 23:27 info: sent ready signal to PM2 at
2021/05/30 23:27 info: > received SIGNIT signal
2021/05/30 23:27 info: mysql is connected successfully!
2021/05/30 23:27 info: sent ready signal to PM2 at
2021/05/30 23:27 info: mysql is connected successfully!
2021/05/30 23:27 info: > received SIGNIT signal
2021/05/30 23:27 info: > received SIGNIT signal
2021/05/30 23:27 info: > received SIGNIT signal
2021/05/30 23:27 info: sent ready signal to PM2 at
2021/05/30 23:27 info: sent ready signal to PM2 at
2021/05/30 23:27 info: mysql is connected successfully!
2021/05/30 23:27 info: mysql is connected successfully!
2021/05/30 23:27 info: > received SIGNIT signal
2021/05/30 23:27 info: sent ready signal to PM2 at
2021/05/30 23:27 info: mysql is connected successfully!
2021/05/30 23:27 info: > received SIGNIT signal
2021/05/30 23:27 info: sent ready signal to PM2 at
2021/05/30 23:27 info: mysql is connected successfully!
2021/05/30 23:27 info: sent ready signal to PM2 at
2021/05/30 23:27 info: > received SIGNIT signal
2021/05/30 23:27 info: mysql is connected successfully!
2021/05/30 23:27 info: sent ready signal to PM2 at
2021/05/30 23:27 info: mysql is connected successfully!
2021/05/30 23:27 info: sent ready signal to PM2 at
2021/05/30 23:27 info: > received SIGNIT signal
2021/05/30 23:27 info: mysql is connected successfully!
2021/05/30 23:27 info: sent ready signal to PM2 at
2021/05/30 23:27 info: sent ready signal to PM2 at
2021/05/30 23:27 info: mysql is connected successfully!
2021/05/30 23:27 info: mysql is connected successfully!
2021/05/30 23:27 info: sent ready signal to PM2 at
2021/05/30 23:27 info: mysql is connected successfully!
2021/05/30 23:27 info: > received SIGNIT signal
2021/05/30 23:27 info: > received SIGNIT signal
2021/05/30 23:27 info: > received SIGNIT signal
2021/05/30 23:27 info: sent ready signal to PM2 at
2021/05/30 23:27 info: sent ready signal to PM2 at
2021/05/30 23:27 info: > received SIGNIT signal
2021/05/30 23:27 info: > received SIGNIT signal
2021/05/30 23:27 info: mysql is connected successfully!
2021/05/30 23:27 info: mysql is connected successfully!
2021/05/30 23:27 info: > received SIGNIT signal
2021/05/30 23:27 info: > received SIGNIT signal
2021/05/30 23:27 info: sent ready signal to PM2 at
2021/05/30 23:27 info: mysql is connected successfully!
2021/05/30 23:27 info: > received SIGNIT signal
2021/05/30 23:27 info: sent ready signal to PM2 at
2021/05/30 23:27 info: mysql is connected successfully!
2021/05/30 23:27 info: > received SIGNIT signal
2021/05/30 23:27 info: sent ready signal to PM2 at
2021/05/30 23:27 info: mysql is connected successfully!
2021/05/30 23:27 info: sent ready signal to PM2 at
2021/05/30 23:27 info: mysql is connected successfully!
2021/05/30 23:27 info: > received SIGNIT signal
2021/05/30 23:27 info: > received SIGNIT signal
2021/05/30 23:28 info: sent ready signal to PM2 at
2021/05/30 23:28 info: mysql is connected successfully!
2021/05/30 23:28 info: > received SIGNIT signal
2021/05/30 23:28 info: sent ready signal to PM2 at
2021/05/30 23:28 info: > received SIGNIT signal
2021/05/30 23:28 info: sent ready signal to PM2 at
2021/05/30 23:28 info: mysql is connected successfully!
2021/05/30 23:28 info: mysql is connected successfully!
2021/05/30 23:28 info: > received SIGNIT signal
2021/05/30 23:28 info: sent ready signal to PM2 at
2021/05/30 23:28 info: mysql is connected successfully!
2021/05/30 23:28 info: > received SIGNIT signal
2021/05/30 23:28 info: > received SIGNIT signal
2021/05/30 23:28 info: > received SIGNIT signal
2021/05/30 23:28 info: sent ready signal to PM2 at
2021/05/30 23:28 info: mysql is connected successfully!
2021/05/30 23:28 info: sent ready signal to PM2 at
2021/05/30 23:28 info: mysql is connected successfully!
2021/05/30 23:28 info: sent ready signal to PM2 at
2021/05/30 23:28 info: mysql is connected successfully!
2021/05/30 23:28 info: sent ready signal to PM2 at
2021/05/30 23:28 info: mysql is connected successfully!
2021/05/30 23:28 info: > received SIGNIT signal
2021/05/30 23:28 info: sent ready signal to PM2 at
2021/05/30 23:28 info: mysql is connected successfully!
2021/05/30 23:28 info: sent ready signal to PM2 at
2021/05/30 23:28 info: > received SIGNIT signal
2021/05/30 23:28 info: mysql is connected successfully!
2021/05/30 23:28 info: > received SIGNIT signal
2021/05/30 23:28 info: > received SIGNIT signal
2021/05/30 23:28 info: sent ready signal to PM2 at
2021/05/30 23:28 info: sent ready signal to PM2 at
2021/05/30 23:28 info: mysql is connected successfully!
2021/05/30 23:28 info: mysql is connected successfully!
2021/05/30 23:28 info: > received SIGNIT signal
2021/05/30 23:28 info: sent ready signal to PM2 at
2021/05/30 23:28 info: mysql is connected successfully!
2021/05/30 23:28 info: sent ready signal to PM2 at
2021/05/30 23:28 info: > received SIGNIT signal
2021/05/30 23:28 info: mysql is connected successfully!
2021/05/30 23:28 info: sent ready signal to PM2 at
2021/05/30 23:28 info: > received SIGNIT signal
2021/05/30 23:28 info: > received SIGNIT signal
2021/05/30 23:28 info: > received SIGNIT signal
2021/05/30 23:28 info: sent ready signal to PM2 at
2021/05/30 23:28 info: mysql is connected successfully!
2021/05/30 23:28 info: > received SIGNIT signal
2021/05/30 23:28 info: sent ready signal to PM2 at
2021/05/30 23:28 info: mysql is connected successfully!
2021/05/30 23:28 info: sent ready signal to PM2 at
2021/05/30 23:28 info: sent ready signal to PM2 at
2021/05/30 23:28 info: mysql is connected successfully!
2021/05/30 23:28 info: mysql is connected successfully!
2021/05/30 23:28 info: sent ready signal to PM2 at
2021/05/30 23:28 info: mysql is connected successfully!
2021/05/30 23:28 info: sent ready signal to PM2 at
2021/05/30 23:28 info: mysql is connected successfully!
2021/05/30 23:28 info: > received SIGNIT signal
2021/05/30 23:28 info: > received SIGNIT signal
2021/05/30 23:28 info: sent ready signal to PM2 at
2021/05/30 23:28 info: mysql is connected successfully!
2021/05/30 23:28 info: > received SIGNIT signal
2021/05/30 23:28 info: sent ready signal to PM2 at
2021/05/30 23:28 info: > received SIGNIT signal
2021/05/30 23:28 info: > received SIGNIT signal
2021/05/30 23:28 info: sent ready signal to PM2 at
2021/05/30 23:28 info: mysql is connected successfully!
2021/05/30 23:28 info: > received SIGNIT signal
2021/05/30 23:28 info: sent ready signal to PM2 at
2021/05/30 23:28 info: sent ready signal to PM2 at
2021/05/30 23:28 info: > received SIGNIT signal
2021/05/30 23:28 info: > received SIGNIT signal
2021/05/30 23:28 info: mysql is connected successfully!
2021/05/30 23:28 info: mysql is connected successfully!
2021/05/30 23:28 info: > received SIGNIT signal
2021/05/30 23:28 info: > received SIGNIT signal
2021/05/30 23:28 info: sent ready signal to PM2 at
2021/05/30 23:28 info: sent ready signal to PM2 at
2021/05/30 23:28 info: mysql is connected successfully!
2021/05/30 23:28 info: > received SIGNIT signal
2021/05/30 23:28 info: sent ready signal to PM2 at
2021/05/30 23:28 info: mysql is connected successfully!
2021/05/30 23:28 info: mysql is connected successfully!
2021/05/30 23:28 info: sent ready signal to PM2 at
2021/05/30 23:28 info: mysql is connected successfully!
2021/05/30 23:28 info: sent ready signal to PM2 at
2021/05/30 23:28 info: mysql is connected successfully!
2021/05/30 23:28 info: sent ready signal to PM2 at
2021/05/30 23:28 info: mysql is connected successfully!
2021/05/30 23:28 info: > received SIGNIT signal
2021/05/30 23:28 info: > received SIGNIT signal
2021/05/30 23:28 info: > received SIGNIT signal
2021/05/30 23:28 info: sent ready signal to PM2 at
2021/05/30 23:28 info: mysql is connected successfully!
2021/05/30 23:28 info: sent ready signal to PM2 at
2021/05/30 23:28 info: > received SIGNIT signal
2021/05/30 23:28 info: sent ready signal to PM2 at
2021/05/30 23:28 info: mysql is connected successfully!
2021/05/30 23:28 info: > received SIGNIT signal
2021/05/30 23:28 info: > received SIGNIT signal
2021/05/30 23:28 info: mysql is connected successfully!
2021/05/30 23:28 info: > received SIGNIT signal
2021/05/30 23:28 info: > received SIGNIT signal
2021/05/30 23:28 info: sent ready signal to PM2 at
2021/05/30 23:28 info: mysql is connected successfully!
2021/05/30 23:28 info: sent ready signal to PM2 at
2021/05/30 23:28 info: mysql is connected successfully!
2021/05/30 23:28 info: > received SIGNIT signal
2021/05/30 23:28 info: sent ready signal to PM2 at
2021/05/30 23:28 info: > received SIGNIT signal
2021/05/30 23:28 info: sent ready signal to PM2 at
2021/05/30 23:28 info: mysql is connected successfully!
2021/05/30 23:28 info: > received SIGNIT signal
2021/05/30 23:28 info: mysql is connected successfully!
2021/05/30 23:28 info: > received SIGNIT signal
2021/05/30 23:28 info: > received SIGNIT signal
2021/05/30 23:28 info: sent ready signal to PM2 at
2021/05/30 23:28 info: mysql is connected successfully!
2021/05/30 23:29 info: sent ready signal to PM2 at
2021/05/30 23:29 info: mysql is connected successfully!
2021/05/30 23:29 info: sent ready signal to PM2 at
2021/05/30 23:29 info: mysql is connected successfully!
2021/05/30 23:29 info: sent ready signal to PM2 at
2021/05/30 23:29 info: mysql is connected successfully!
2021/05/30 23:29 info: sent ready signal to PM2 at
2021/05/30 23:29 info: mysql is connected successfully!
2021/05/30 23:29 info: sent ready signal to PM2 at
2021/05/30 23:29 info: > received SIGNIT signal
2021/05/30 23:29 info: mysql is connected successfully!
2021/05/30 23:29 info: > received SIGNIT signal
2021/05/30 23:29 info: > received SIGNIT signal
2021/05/30 23:29 info: sent ready signal to PM2 at
2021/05/30 23:29 info: > received SIGNIT signal
2021/05/30 23:29 info: sent ready signal to PM2 at
2021/05/30 23:29 info: mysql is connected successfully!
2021/05/30 23:29 info: > received SIGNIT signal
2021/05/30 23:29 info: mysql is connected successfully!
2021/05/30 23:29 info: sent ready signal to PM2 at
2021/05/30 23:29 info: > received SIGNIT signal
2021/05/30 23:29 info: mysql is connected successfully!
2021/05/30 23:29 info: > received SIGNIT signal
2021/05/30 23:29 info: > received SIGNIT signal
2021/05/30 23:29 info: sent ready signal to PM2 at
2021/05/30 23:29 info: mysql is connected successfully!
2021/05/30 23:29 info: > received SIGNIT signal
2021/05/30 23:29 info: sent ready signal to PM2 at
2021/05/30 23:29 info: mysql is connected successfully!
2021/05/30 23:29 info: > received SIGNIT signal
2021/05/30 23:29 info: sent ready signal to PM2 at
2021/05/30 23:29 info: mysql is connected successfully!
2021/05/30 23:29 info: > received SIGNIT signal
2021/05/30 23:29 info: sent ready signal to PM2 at
2021/05/30 23:29 info: > received SIGNIT signal
2021/05/30 23:29 info: mysql is connected successfully!
2021/05/30 23:29 info: > received SIGNIT signal
2021/05/30 23:29 info: sent ready signal to PM2 at
2021/05/30 23:29 info: mysql is connected successfully!
2021/05/30 23:29 info: sent ready signal to PM2 at
2021/05/30 23:29 info: mysql is connected successfully!
2021/05/30 23:29 info: > received SIGNIT signal
2021/05/30 23:29 info: sent ready signal to PM2 at
2021/05/30 23:29 info: mysql is connected successfully!
2021/05/30 23:29 info: sent ready signal to PM2 at
2021/05/30 23:29 info: mysql is connected successfully!
2021/05/30 23:29 info: sent ready signal to PM2 at
2021/05/30 23:29 info: sent ready signal to PM2 at
2021/05/30 23:29 info: mysql is connected successfully!
2021/05/30 23:29 info: mysql is connected successfully!
2021/05/30 23:29 info: sent ready signal to PM2 at
2021/05/30 23:29 info: mysql is connected successfully!
2021/05/30 23:29 info: > received SIGNIT signal
2021/05/30 23:29 info: > received SIGNIT signal
2021/05/30 23:29 info: sent ready signal to PM2 at
2021/05/30 23:29 info: mysql is connected successfully!
2021/05/30 23:29 info: > received SIGNIT signal
2021/05/30 23:29 info: sent ready signal to PM2 at
2021/05/30 23:29 info: mysql is connected successfully!
2021/05/30 23:29 info: sent ready signal to PM2 at
2021/05/30 23:29 info: mysql is connected successfully!
2021/05/30 23:29 info: > received SIGNIT signal
2021/05/30 23:29 info: > received SIGNIT signal
2021/05/30 23:29 info: > received SIGNIT signal
2021/05/30 23:29 info: sent ready signal to PM2 at
2021/05/30 23:29 info: sent ready signal to PM2 at
2021/05/30 23:29 info: > received SIGNIT signal
2021/05/30 23:29 info: mysql is connected successfully!
2021/05/30 23:29 info: sent ready signal to PM2 at
2021/05/30 23:29 info: mysql is connected successfully!
2021/05/30 23:29 info: > received SIGNIT signal
2021/05/30 23:29 info: mysql is connected successfully!
2021/05/30 23:29 info: > received SIGNIT signal
2021/05/30 23:29 info: > received SIGNIT signal
2021/05/30 23:29 info: sent ready signal to PM2 at
2021/05/30 23:29 info: mysql is connected successfully!
2021/05/30 23:29 info: sent ready signal to PM2 at
2021/05/30 23:29 info: > received SIGNIT signal
2021/05/30 23:29 info: mysql is connected successfully!
2021/05/30 23:29 info: sent ready signal to PM2 at
2021/05/30 23:29 info: > received SIGNIT signal
2021/05/30 23:29 info: mysql is connected successfully!
2021/05/30 23:29 info: sent ready signal to PM2 at
2021/05/30 23:29 info: > received SIGNIT signal
2021/05/30 23:29 info: mysql is connected successfully!
2021/05/30 23:29 info: > received SIGNIT signal
2021/05/30 23:29 info: > received SIGNIT signal
2021/05/30 23:29 info: sent ready signal to PM2 at
2021/05/30 23:29 info: mysql is connected successfully!
2021/05/30 23:29 info: > received SIGNIT signal
2021/05/30 23:29 info: sent ready signal to PM2 at
2021/05/30 23:29 info: > received SIGNIT signal
2021/05/30 23:29 info: mysql is connected successfully!
2021/05/30 23:29 info: sent ready signal to PM2 at
2021/05/30 23:29 info: > received SIGNIT signal
2021/05/30 23:29 info: sent ready signal to PM2 at
2021/05/30 23:29 info: sent ready signal to PM2 at
2021/05/30 23:29 info: mysql is connected successfully!
2021/05/30 23:29 info: mysql is connected successfully!
2021/05/30 23:29 info: mysql is connected successfully!
2021/05/30 23:29 info: > received SIGNIT signal
2021/05/30 23:29 info: > received SIGNIT signal
2021/05/30 23:29 info: sent ready signal to PM2 at
2021/05/30 23:29 info: mysql is connected successfully!
2021/05/30 23:29 info: > received SIGNIT signal
2021/05/30 23:29 info: sent ready signal to PM2 at
2021/05/30 23:29 info: mysql is connected successfully!
2021/05/30 23:29 info: sent ready signal to PM2 at
2021/05/30 23:29 info: sent ready signal to PM2 at
2021/05/30 23:29 info: mysql is connected successfully!
2021/05/30 23:29 info: mysql is connected successfully!
2021/05/30 23:29 info: sent ready signal to PM2 at
2021/05/30 23:29 info: mysql is connected successfully!
2021/05/30 23:30 info: sent ready signal to PM2 at
2021/05/30 23:30 info: > received SIGNIT signal
2021/05/30 23:30 info: mysql is connected successfully!
2021/05/30 23:30 info: > received SIGNIT signal
2021/05/30 23:30 info: > received SIGNIT signal
2021/05/30 23:30 info: sent ready signal to PM2 at
2021/05/30 23:30 info: sent ready signal to PM2 at
2021/05/30 23:30 info: > received SIGNIT signal
2021/05/30 23:30 info: > received SIGNIT signal
2021/05/30 23:30 info: mysql is connected successfully!
2021/05/30 23:30 info: mysql is connected successfully!
2021/05/30 23:30 info: > received SIGNIT signal
2021/05/30 23:30 info: > received SIGNIT signal
2021/05/30 23:30 info: sent ready signal to PM2 at
2021/05/30 23:30 info: sent ready signal to PM2 at
2021/05/30 23:30 info: > received SIGNIT signal
2021/05/30 23:30 info: sent ready signal to PM2 at
2021/05/30 23:30 info: mysql is connected successfully!
2021/05/30 23:30 info: > received SIGNIT signal
2021/05/30 23:30 info: mysql is connected successfully!
2021/05/30 23:30 info: mysql is connected successfully!
2021/05/30 23:30 info: sent ready signal to PM2 at
2021/05/30 23:30 info: mysql is connected successfully!
2021/05/30 23:30 info: > received SIGNIT signal
2021/05/30 23:30 info: > received SIGNIT signal
2021/05/30 23:30 info: sent ready signal to PM2 at
2021/05/30 23:30 info: mysql is connected successfully!
2021/05/30 23:30 info: > received SIGNIT signal
2021/05/30 23:30 info: sent ready signal to PM2 at
2021/05/30 23:30 info: > received SIGNIT signal
2021/05/30 23:30 info: mysql is connected successfully!
2021/05/30 23:30 info: sent ready signal to PM2 at
2021/05/30 23:30 info: sent ready signal to PM2 at
2021/05/30 23:30 info: > received SIGNIT signal
2021/05/30 23:30 info: mysql is connected successfully!
2021/05/30 23:30 info: > received SIGNIT signal
2021/05/30 23:30 info: mysql is connected successfully!
2021/05/30 23:30 info: > received SIGNIT signal
2021/05/30 23:30 info: > received SIGNIT signal
2021/05/30 23:30 info: sent ready signal to PM2 at
2021/05/30 23:30 info: mysql is connected successfully!
2021/05/30 23:30 info: sent ready signal to PM2 at
2021/05/30 23:30 info: mysql is connected successfully!
2021/05/30 23:30 info: sent ready signal to PM2 at
2021/05/30 23:30 info: sent ready signal to PM2 at
2021/05/30 23:30 info: mysql is connected successfully!
2021/05/30 23:30 info: mysql is connected successfully!
2021/05/30 23:30 info: > received SIGNIT signal
2021/05/30 23:30 info: sent ready signal to PM2 at
2021/05/30 23:30 info: sent ready signal to PM2 at
2021/05/30 23:30 info: mysql is connected successfully!
2021/05/30 23:30 info: > received SIGNIT signal
2021/05/30 23:30 info: mysql is connected successfully!
2021/05/30 23:30 info: > received SIGNIT signal
2021/05/30 23:30 info: > received SIGNIT signal
2021/05/30 23:30 info: sent ready signal to PM2 at
2021/05/30 23:30 info: mysql is connected successfully!
2021/05/30 23:30 info: sent ready signal to PM2 at
2021/05/30 23:30 info: sent ready signal to PM2 at
2021/05/30 23:30 info: mysql is connected successfully!
2021/05/30 23:30 info: > received SIGNIT signal
2021/05/30 23:30 info: mysql is connected successfully!
2021/05/30 23:30 info: sent ready signal to PM2 at
2021/05/30 23:30 info: > received SIGNIT signal
2021/05/30 23:30 info: mysql is connected successfully!
2021/05/30 23:30 info: > received SIGNIT signal
2021/05/30 23:30 info: > received SIGNIT signal
2021/05/30 23:30 info: sent ready signal to PM2 at
2021/05/30 23:30 info: sent ready signal to PM2 at
2021/05/30 23:30 info: > received SIGNIT signal
2021/05/30 23:30 info: mysql is connected successfully!
2021/05/30 23:30 info: mysql is connected successfully!
2021/05/30 23:30 info: sent ready signal to PM2 at
2021/05/30 23:30 info: > received SIGNIT signal
2021/05/30 23:30 info: sent ready signal to PM2 at
2021/05/30 23:30 info: mysql is connected successfully!
2021/05/30 23:30 info: mysql is connected successfully!
2021/05/30 23:30 info: > received SIGNIT signal
2021/05/30 23:30 info: > received SIGNIT signal
2021/05/30 23:30 info: sent ready signal to PM2 at
2021/05/30 23:30 info: mysql is connected successfully!
2021/05/30 23:30 info: sent ready signal to PM2 at
2021/05/30 23:30 info: sent ready signal to PM2 at
2021/05/30 23:30 info: mysql is connected successfully!
2021/05/30 23:30 info: mysql is connected successfully!
2021/05/30 23:30 info: sent ready signal to PM2 at
2021/05/30 23:30 info: mysql is connected successfully!
2021/05/30 23:30 info: sent ready signal to PM2 at
2021/05/30 23:30 info: mysql is connected successfully!
2021/05/30 23:30 info: > received SIGNIT signal
2021/05/30 23:30 info: > received SIGNIT signal
2021/05/30 23:30 info: > received SIGNIT signal
2021/05/30 23:30 info: sent ready signal to PM2 at
2021/05/30 23:30 info: mysql is connected successfully!
2021/05/30 23:30 info: > received SIGNIT signal
2021/05/30 23:30 info: sent ready signal to PM2 at
2021/05/30 23:30 info: > received SIGNIT signal
2021/05/30 23:30 info: sent ready signal to PM2 at
2021/05/30 23:30 info: mysql is connected successfully!
2021/05/30 23:30 info: mysql is connected successfully!
2021/05/30 23:30 info: > received SIGNIT signal
2021/05/30 23:30 info: > received SIGNIT signal
2021/05/30 23:30 info: > received SIGNIT signal
2021/05/30 23:30 info: sent ready signal to PM2 at
2021/05/30 23:30 info: mysql is connected successfully!
2021/05/30 23:30 info: sent ready signal to PM2 at
2021/05/30 23:30 info: > received SIGNIT signal
2021/05/30 23:30 info: mysql is connected successfully!
2021/05/30 23:30 info: sent ready signal to PM2 at
2021/05/30 23:30 info: > received SIGNIT signal
2021/05/30 23:30 info: mysql is connected successfully!
2021/05/30 23:30 info: sent ready signal to PM2 at
2021/05/30 23:30 info: > received SIGNIT signal
2021/05/30 23:30 info: mysql is connected successfully!
2021/05/30 23:30 info: sent ready signal to PM2 at
2021/05/30 23:30 info: > received SIGNIT signal
2021/05/30 23:30 info: mysql is connected successfully!
2021/05/30 23:30 info: sent ready signal to PM2 at
2021/05/30 23:30 info: mysql is connected successfully!
2021/05/30 23:30 info: sent ready signal to PM2 at
2021/05/30 23:30 info: > received SIGNIT signal
2021/05/30 23:30 info: mysql is connected successfully!
2021/05/30 23:30 info: sent ready signal to PM2 at
2021/05/30 23:30 info: sent ready signal to PM2 at
2021/05/30 23:30 info: mysql is connected successfully!
2021/05/30 23:30 info: mysql is connected successfully!
2021/05/30 23:30 info: > received SIGNIT signal
2021/05/30 23:30 info: > received SIGNIT signal
2021/05/30 23:30 info: sent ready signal to PM2 at
2021/05/30 23:30 info: > received SIGNIT signal
2021/05/30 23:30 info: mysql is connected successfully!
2021/05/30 23:30 info: sent ready signal to PM2 at
2021/05/30 23:30 info: > received SIGNIT signal
2021/05/30 23:30 info: mysql is connected successfully!
2021/05/30 23:30 info: > received SIGNIT signal
2021/05/30 23:30 info: > received SIGNIT signal
2021/05/30 23:30 info: sent ready signal to PM2 at
2021/05/30 23:30 info: mysql is connected successfully!
2021/05/30 23:30 info: > received SIGNIT signal
2021/05/30 23:30 info: sent ready signal to PM2 at
2021/05/30 23:30 info: > received SIGNIT signal
2021/05/30 23:30 info: mysql is connected successfully!
2021/05/30 23:30 info: sent ready signal to PM2 at
2021/05/30 23:30 info: > received SIGNIT signal
2021/05/30 23:30 info: sent ready signal to PM2 at
2021/05/30 23:30 info: mysql is connected successfully!
2021/05/30 23:30 info: mysql is connected successfully!
2021/05/30 23:30 info: > received SIGNIT signal
2021/05/30 23:30 info: > received SIGNIT signal
2021/05/30 23:30 info: sent ready signal to PM2 at
2021/05/30 23:30 info: mysql is connected successfully!
2021/05/30 23:30 info: > received SIGNIT signal
2021/05/30 23:30 info: sent ready signal to PM2 at
2021/05/30 23:30 info: sent ready signal to PM2 at
2021/05/30 23:30 info: sent ready signal to PM2 at
2021/05/30 23:30 info: > received SIGNIT signal
2021/05/30 23:30 info: mysql is connected successfully!
2021/05/30 23:30 info: mysql is connected successfully!
2021/05/30 23:31 info: mysql is connected successfully!
2021/05/30 23:31 info: > received SIGNIT signal
2021/05/30 23:31 info: sent ready signal to PM2 at
2021/05/30 23:31 info: mysql is connected successfully!
2021/05/30 23:31 info: sent ready signal to PM2 at
2021/05/30 23:31 info: sent ready signal to PM2 at
2021/05/30 23:31 info: mysql is connected successfully!
2021/05/30 23:31 info: mysql is connected successfully!
2021/05/30 23:31 info: sent ready signal to PM2 at
2021/05/30 23:31 info: mysql is connected successfully!
2021/05/30 23:31 info: sent ready signal to PM2 at
2021/05/30 23:31 info: > received SIGNIT signal
2021/05/30 23:31 info: mysql is connected successfully!
2021/05/30 23:31 info: > received SIGNIT signal
2021/05/30 23:31 info: > received SIGNIT signal
2021/05/30 23:31 info: sent ready signal to PM2 at
2021/05/30 23:31 info: mysql is connected successfully!
2021/05/30 23:31 info: > received SIGNIT signal
2021/05/30 23:31 info: sent ready signal to PM2 at
2021/05/30 23:31 info: > received SIGNIT signal
2021/05/30 23:31 info: mysql is connected successfully!
2021/05/30 23:31 info: sent ready signal to PM2 at
2021/05/30 23:31 info: mysql is connected successfully!
2021/05/30 23:31 info: > received SIGNIT signal
2021/05/30 23:31 info: > received SIGNIT signal
2021/05/30 23:31 info: > received SIGNIT signal
2021/05/30 23:31 info: > received SIGNIT signal
2021/05/30 23:31 info: > received SIGNIT signal
2021/05/30 23:31 info: > received SIGNIT signal
2021/05/30 23:31 info: > received SIGNIT signal
2021/05/30 23:31 info: sent ready signal to PM2 at
2021/05/30 23:31 info: mysql is connected successfully!
2021/05/30 23:31 info: > received SIGNIT signal
2021/05/30 23:34 info: > Ready on http://localhost:3000
2021/05/30 23:34 info: sent ready signal to PM2 at
2021/05/30 23:34 info: mysql is connected successfully!
2021/05/30 23:34 info: > Ready on http://localhost:3000
2021/05/30 23:34 info: sent ready signal to PM2 at
2021/05/30 23:34 info: mysql is connected successfully!
2021/05/30 23:34 info: > Ready on http://localhost:3000
2021/05/30 23:34 info: sent ready signal to PM2 at
2021/05/30 23:34 info: mysql is connected successfully!
2021/05/30 23:34 info: > received SIGNIT signal
2021/05/30 23:34 info: > received SIGNIT signal
2021/05/30 23:34 info: > received SIGNIT signal
2021/05/30 23:34 info: > Ready on http://localhost:3000
2021/05/30 23:34 info: sent ready signal to PM2 at
2021/05/30 23:34 info: mysql is connected successfully!
2021/05/30 23:34 info: > Ready on http://localhost:3000
2021/05/30 23:34 info: sent ready signal to PM2 at
2021/05/30 23:34 info: mysql is connected successfully!
2021/05/30 23:34 info: mysql is connected successfully!
2021/05/30 23:34 info: > Ready on http://localhost:3000
2021/05/30 23:34 info: sent ready signal to PM2 at
2021/05/30 23:34 info: > received SIGNIT signal
2021/05/30 23:34 info: > received SIGNIT signal
2021/05/30 23:34 info: > received SIGNIT signal
2021/05/30 23:34 info: > Ready on http://localhost:3000
2021/05/30 23:34 info: sent ready signal to PM2 at
2021/05/30 23:34 info: mysql is connected successfully!
2021/05/30 23:34 info: > Ready on http://localhost:3000
2021/05/30 23:34 info: sent ready signal to PM2 at
2021/05/30 23:34 info: mysql is connected successfully!
2021/05/30 23:34 info: > Ready on http://localhost:3000
2021/05/30 23:34 info: sent ready signal to PM2 at
2021/05/30 23:34 info: mysql is connected successfully!
2021/05/30 23:34 info: > Ready on http://localhost:3000
2021/05/30 23:34 info: sent ready signal to PM2 at
2021/05/30 23:34 info: > received SIGNIT signal
2021/05/30 23:34 info: mysql is connected successfully!
2021/05/30 23:34 info: > received SIGNIT signal
2021/05/30 23:34 info: > received SIGNIT signal
2021/05/30 23:35 info: > received SIGNIT signal
2021/05/30 23:35 info: > Ready on http://localhost:3000
2021/05/30 23:35 info: sent ready signal to PM2 at
2021/05/30 23:35 info: mysql is connected successfully!
2021/05/30 23:35 info: > Ready on http://localhost:3000
2021/05/30 23:35 info: > Ready on http://localhost:3000
2021/05/30 23:35 info: > Ready on http://localhost:3000
2021/05/30 23:35 info: sent ready signal to PM2 at
2021/05/30 23:35 info: sent ready signal to PM2 at
2021/05/30 23:35 info: sent ready signal to PM2 at
2021/05/30 23:35 info: > Ready on http://localhost:3000
2021/05/30 23:35 info: sent ready signal to PM2 at
2021/05/30 23:35 info: mysql is connected successfully!
2021/05/30 23:35 info: mysql is connected successfully!
2021/05/30 23:35 info: mysql is connected successfully!
2021/05/30 23:35 info: mysql is connected successfully!
2021/05/30 23:35 info: > Ready on http://localhost:3000
2021/05/30 23:35 info: sent ready signal to PM2 at
2021/05/30 23:35 info: mysql is connected successfully!
2021/05/30 23:35 info: > Ready on http://localhost:3000
2021/05/30 23:35 info: sent ready signal to PM2 at
2021/05/30 23:35 info: mysql is connected successfully!
2021/05/30 23:35 info: > Ready on http://localhost:3000
2021/05/30 23:35 info: sent ready signal to PM2 at
2021/05/30 23:35 info: mysql is connected successfully!
2021/05/30 23:35 info: > Ready on http://localhost:3000
2021/05/30 23:35 info: sent ready signal to PM2 at
2021/05/30 23:35 info: mysql is connected successfully!
2021/05/30 23:35 info: > received SIGNIT signal
2021/05/30 23:35 info: > received SIGNIT signal
2021/05/30 23:35 info: > Ready on http://localhost:3000
2021/05/30 23:35 info: sent ready signal to PM2 at
2021/05/30 23:35 info: mysql is connected successfully!
2021/05/30 23:35 info: > Ready on http://localhost:3000
2021/05/30 23:35 info: sent ready signal to PM2 at
2021/05/30 23:35 info: mysql is connected successfully!
2021/05/30 23:35 info: > received SIGNIT signal
2021/05/30 23:35 info: > received SIGNIT signal
2021/05/30 23:35 info: > Ready on http://localhost:3000
2021/05/30 23:35 info: sent ready signal to PM2 at
2021/05/30 23:35 info: mysql is connected successfully!
2021/05/30 23:35 info: > received SIGNIT signal
2021/05/30 23:35 info: > Ready on http://localhost:3000
2021/05/30 23:35 info: sent ready signal to PM2 at
2021/05/30 23:35 info: > Ready on http://localhost:3000
2021/05/30 23:35 info: sent ready signal to PM2 at
2021/05/30 23:35 info: mysql is connected successfully!
2021/05/30 23:35 info: mysql is connected successfully!
2021/05/30 23:35 info: > received SIGNIT signal
2021/05/30 23:35 info: > received SIGNIT signal
2021/05/30 23:35 info: > received SIGNIT signal
2021/05/30 23:35 info: > received SIGNIT signal
2021/05/30 23:36 info: > received SIGNIT signal
2021/05/30 23:36 info: mysql is connected successfully!
2021/05/30 23:36 info: > Ready on http://localhost:3000
2021/05/30 23:36 info: sent ready signal to PM2 at
2021/05/30 23:36 info: > received SIGNIT signal
2021/05/30 23:36 info: mysql is connected successfully!
2021/05/30 23:36 info: > Ready on http://localhost:3000
2021/05/30 23:36 info: sent ready signal to PM2 at
2021/05/30 23:36 info: > received SIGNIT signal
2021/05/30 23:36 info: > received SIGNIT signal
2021/05/30 23:36 info: > Ready on http://localhost:3000
2021/05/30 23:36 info: sent ready signal to PM2 at
2021/05/30 23:36 info: > Ready on http://localhost:3000
2021/05/30 23:36 info: sent ready signal to PM2 at
2021/05/30 23:36 info: mysql is connected successfully!
2021/05/30 23:36 info: mysql is connected successfully!
2021/05/30 23:36 info: > Ready on http://localhost:3000
2021/05/30 23:36 info: sent ready signal to PM2 at
2021/05/30 23:36 info: mysql is connected successfully!
2021/05/30 23:36 info: > Ready on http://localhost:3000
2021/05/30 23:36 info: sent ready signal to PM2 at
2021/05/30 23:36 info: mysql is connected successfully!
2021/05/30 23:36 info: > received SIGNIT signal
2021/05/30 23:36 info: > received SIGNIT signal
2021/05/30 23:36 info: > Ready on http://localhost:3000
2021/05/30 23:36 info: sent ready signal to PM2 at
2021/05/30 23:36 info: mysql is connected successfully!
2021/05/30 23:36 info: > received SIGNIT signal
2021/05/30 23:36 info: > received SIGNIT signal
2021/05/30 23:36 info: mysql is connected successfully!
2021/05/30 23:36 info: mysql is connected successfully!
2021/05/30 23:36 info: > Ready on http://localhost:3000
2021/05/30 23:36 info: > Ready on http://localhost:3000
2021/05/30 23:36 info: sent ready signal to PM2 at
2021/05/30 23:36 info: sent ready signal to PM2 at
2021/05/30 23:36 info: mysql is connected successfully!
2021/05/30 23:36 info: mysql is connected successfully!
2021/05/30 23:36 info: > Ready on http://localhost:3000
2021/05/30 23:36 info: > Ready on http://localhost:3000
2021/05/30 23:36 info: sent ready signal to PM2 at
2021/05/30 23:36 info: sent ready signal to PM2 at
2021/05/30 23:36 info: > received SIGNIT signal
2021/05/30 23:36 info: > received SIGNIT signal
2021/05/30 23:36 info: > received SIGNIT signal
2021/05/30 23:36 info: > received SIGNIT signal
2021/05/30 23:36 info: > received SIGNIT signal
2021/05/30 23:36 info: > received SIGNIT signal
2021/05/30 23:37 info: > Ready on http://localhost:3000
2021/05/30 23:37 info: > Ready on http://localhost:3000
2021/05/30 23:37 info: sent ready signal to PM2 at
2021/05/30 23:37 info: sent ready signal to PM2 at
2021/05/30 23:37 info: mysql is connected successfully!
2021/05/30 23:37 info: mysql is connected successfully!
2021/05/30 23:37 info: > Ready on http://localhost:3000
2021/05/30 23:37 info: sent ready signal to PM2 at
2021/05/30 23:37 info: mysql is connected successfully!
2021/05/30 23:37 info: > Ready on http://localhost:3000
2021/05/30 23:37 info: sent ready signal to PM2 at
2021/05/30 23:37 info: mysql is connected successfully!
2021/05/30 23:37 info: > Ready on http://localhost:3000
2021/05/30 23:37 info: sent ready signal to PM2 at
2021/05/30 23:37 info: mysql is connected successfully!
2021/05/30 23:37 info: > Ready on http://localhost:3000
2021/05/30 23:37 info: sent ready signal to PM2 at
2021/05/30 23:37 info: mysql is connected successfully!
2021/05/30 23:37 info: > Ready on http://localhost:3000
2021/05/30 23:37 info: sent ready signal to PM2 at
2021/05/30 23:37 info: mysql is connected successfully!
2021/05/30 23:37 info: > Ready on http://localhost:3000
2021/05/30 23:37 info: sent ready signal to PM2 at
2021/05/30 23:37 info: mysql is connected successfully!
2021/05/30 23:38 info: > Ready on http://localhost:3000
2021/05/30 23:38 info: sent ready signal to PM2 at
2021/05/30 23:38 info: mysql is connected successfully!
2021/05/30 23:38 info: > Ready on http://localhost:3000
2021/05/30 23:38 info: sent ready signal to PM2 at
2021/05/30 23:38 info: mysql is connected successfully!
2021/05/30 23:38 info: disc We0Jni1ElpXG0mwwAAAB
2021/05/30 23:38 info: disc Wz4Oj9JxjSzW2lQCAAAD
2021/05/30 23:38 info: disc TRxve0aJJ-cxwxvNAAAF
2021/05/30 23:38 info: disc ovKvuPemcn72BpZhAAAH
2021/05/30 23:38 info: disc cqGEEfRLPunDlv8GAAAJ
2021/05/30 23:38 info: disc vqdeLo0IKt8PQU53AAAL
2021/05/30 23:38 info: disc jnvRNzkVTxEepwEOAAAN
2021/05/30 23:38 info: disc b1psxH4X_s6FHkHJAAAP
2021/05/30 23:38 info: disc QB3lugDSyJMK75LXAAAR
2021/05/30 23:38 info: disc o0ww6SX1v85b9jiqAAAT
2021/05/30 23:38 info: disc 12k1skol5ctXKHsNAAAV
2021/05/30 23:38 info: disc jSZJ3VjypXaeMZjgAAAX
2021/05/30 23:38 info: disc jpyZl12VlgSdhyhtAAAZ
2021/05/30 23:38 info: disc e2e59P4yrVXIYJ1eAAAb
2021/05/30 23:38 info: disc GpqYpIs2Hp4Z_0wsAAAd
2021/05/30 23:38 info: disc w_dFPkfa2AqRtAbQAAAf
2021/05/30 23:38 info: disc _hfFzjdCx002bFXeAAAh
2021/05/30 23:38 info: disc ccUDnr5ozK3j8RFrAAAj
2021/05/30 23:38 info: disc AncyLwjiJ2L1_B8hAAAl
2021/05/30 23:38 info: disc rHCYWxcJeKmSaw15AAAn
2021/05/30 23:38 info: disc pQxHrmNnZwMS4BfQAAAp
2021/05/30 23:39 info: disc 7K5rdZUZGlHrkeYjAAAr
2021/05/30 23:39 info: aE campustaxiadmin AwIpWPlxY8qlS3fkAAAt
2021/05/30 23:39 info: disc AwIpWPlxY8qlS3fkAAAt
2021/05/30 23:39 error: error connecting: Error: read ECONNRESET
    at TCP.onStreamRead (internal/stream_base_commons.js:209:20)
    --------------------
    at Protocol._enqueue (/Users/minsekim/projects/campustaxi-nodejs/node_modules/mysql/lib/protocol/Protocol.js:144:48)
    at Connection.query (/Users/minsekim/projects/campustaxi-nodejs/node_modules/mysql/lib/Connection.js:198:25)
    at Socket.<anonymous> (/Users/minsekim/projects/campustaxi-nodejs/src/index.ts:265:17)
    at Socket.emit (events.js:376:20)
    at Socket.emit (domain.js:470:12)
    at /Users/minsekim/projects/campustaxi-nodejs/node_modules/socket.io/dist/socket.js:423:28
    at processTicksAndRejections (internal/process/task_queues.js:77:11)
2021/05/30 23:39 error: error connecting: Error: read ECONNRESET
    at TCP.onStreamRead (internal/stream_base_commons.js:209:20)
    --------------------
    at Protocol._enqueue (/Users/minsekim/projects/campustaxi-nodejs/node_modules/mysql/lib/protocol/Protocol.js:144:48)
    at Connection.query (/Users/minsekim/projects/campustaxi-nodejs/node_modules/mysql/lib/Connection.js:198:25)
    at Socket.<anonymous> (/Users/minsekim/projects/campustaxi-nodejs/src/index.ts:265:17)
    at Socket.emit (events.js:376:20)
    at Socket.emit (domain.js:470:12)
    at /Users/minsekim/projects/campustaxi-nodejs/node_modules/socket.io/dist/socket.js:423:28
    at processTicksAndRejections (internal/process/task_queues.js:77:11)
2021/05/30 23:39 info: disc bHcUl8u3pDPBBuQVAAAD
2021/05/30 23:39 info: disc vr-AVFcHMkBI13kcAAAF
2021/05/30 23:39 info: disc -5wcZBDY3UGGn9HmAAAH
2021/05/30 23:39 info: aE campustaxiadmin 0OImS4caKj4ZBytkAAAJ
2021/05/30 23:39 info: disc 0OImS4caKj4ZBytkAAAJ
2021/05/30 23:39 info: disc 1m2xoHM4fu1Aac4xAAAL
2021/05/30 23:39 info: disc 6P0iTOlQf4VlelM3AAAN
2021/05/30 23:39 info: disc iX6EW7kFqpDxbBb5AAAB
2021/05/30 23:39 info: disc Z7xwyhZB_5beP9N9AAAP
2021/05/30 23:39 info: disc bfT9MCDOd14dn8j6AAAB
2021/05/30 23:39 info: disc gCy3l_dr2TWWPGyjAAAR
2021/05/30 23:39 info: disc JtPW5vXCBxy_R4NIAAAE
2021/05/30 23:39 info: disc x7VwEDMZhGuVl0ymAAAG
2021/05/30 23:39 info: disc 81wcAE99dAMsKtbzAAAI
2021/05/30 23:39 info: disc sx4DKbYFkStk8gQNAAAx
2021/05/30 23:39 info: disc FC2TV47dthgzWcU_AAAK
2021/05/30 23:39 info: disc mSWEDlmc1_OGihNfAAAM
2021/05/30 23:39 info: disc x5GQxNoMduLUi0X5AAAO
2021/05/30 23:39 info: disc RBTQVAjKrvsmGu07AAAQ
2021/05/30 23:39 info: disc c-uiZMPzUoLmv71uAAAS
2021/05/30 23:40 info: disc 8zqK-5LJjp1mqeDwAAAT
2021/05/30 23:40 info: disc QRo4VX4Gt2XV6e1BAAAV
2021/05/30 23:40 info: disc GNry1y3rX1LFXc5UAAAX
2021/05/30 23:40 info: disc 2BmhwLqymGTkgC-BAAAZ
2021/05/30 23:40 info: disc ecDxdkCNpCxFjUIkAAAb
2021/05/30 23:40 info: disc ZKkKN2dBzjP-4_wRAAAd
2021/05/30 23:40 info: disc 0dubnG2Nrw3PnehBAAAf
2021/05/30 23:40 info: disc dmnduuKc5VqbJkEHAAAU
2021/05/30 23:40 info: disc sfErjAHGjSno0eaEAAAW
2021/05/30 23:40 info: disc GaPbkPChK7I44-2DAAAY
2021/05/30 23:40 info: disc YrCbvt6tkMv8Bhf6AAAa
2021/05/30 23:40 info: disc vZVVGIrLSNNZoad-AAAc
2021/05/30 23:40 info: disc tOzzPtD2XrZcdgG3AAAh
2021/05/30 23:40 info: disc PcYCcjFyQWzp-t3SAAAj
2021/05/30 23:40 info: disc u9zzUogU5F4JptZmAAAl
2021/05/30 23:40 info: disc wCpkMl-XrPPLl0E1AAAn
2021/05/30 23:40 info: disc oAe9BO0IPBQ9BCruAAAp
2021/05/30 23:40 info: disc 9rwyTPD_wQRnNnzSAAAr
2021/05/30 23:40 info: disc U3TgMvvtYUq-UfD3AAAe
2021/05/30 23:40 info: disc jtGe_eDWeSQreZnJAAAg
2021/05/30 23:40 info: disc hxPgiZrQNkrFfSzWAAAi
2021/05/30 23:40 info: disc ndHPUd-bPMiC0sJ7AAAk
2021/05/30 23:40 info: disc F9VvQyTlUMTr2xe_AAAm
2021/05/30 23:40 info: disc 7Q9fs5EjIxb5KihnAAAo
2021/05/30 23:40 info: disc M7nGnLy_b1bTbT2CAAAq
2021/05/30 23:40 info: disc FrGtL8znCErtWpe6AAAs
2021/05/30 23:40 info: disc NmqTA64DaSCnAD44AAAu
2021/05/30 23:40 info: disc YeI50F6mjbXd1TzTAAAw
2021/05/30 23:40 info: disc -Hasf4az3iWGVzQUAAAy
2021/05/30 23:41 info: disc HusUPCFm3HClAqpDAAAt
2021/05/30 23:41 info: disc GqRvkUW4mIAs7zLEAAAv
2021/05/30 23:41 info: disc Rfmhe2D6ICnK9EFJAAAx
2021/05/30 23:41 info: disc 4DQ0n42-KytYKe9BAAAz
2021/05/30 23:41 info: disc DfQ7STTMxR9oFd_3AAA1
2021/05/30 23:41 info: disc 2GVXFekQKXcqx3luAAA3
2021/05/30 23:41 info: disc pKRsMY-ECUXT317mAAA5
2021/05/30 23:41 info: disc T932ZSgUsn7nPUDOAAA7
2021/05/30 23:41 info: disc LzeEJu1xtWP7rW0CAAA9
2021/05/30 23:41 info: disc PfV_9YQ81H4deIFDAAA_
2021/05/30 23:41 info: disc wuI0o_D6IYe_moUfAABB
2021/05/30 23:41 info: disc 0eg3lkSClLpwQBnxAABD
2021/05/30 23:41 info: disc vKFuxytFN4AnR6zrAAAC
2021/05/30 23:41 info: disc 3JuKXG6LYrvHmOZdAAAE
2021/05/30 23:41 info: disc C592XuVtTJwPbUbPAAAG
2021/05/30 23:41 info: disc l3PhOvVB74BSYbYlAAA0
2021/05/30 23:41 info: disc uumYNZdPWaMEXO3oAAA2
2021/05/30 23:41 info: disc xd7rwGzl1g-hDfEyAAA4
2021/05/30 23:41 info: disc QZIVTd1yMOAA1obQAAA6
2021/05/30 23:41 info: disc HB0i6_xqigLg8X0DAAA8
2021/05/30 23:42 info: disc lokHgC4uxo3qV0SlAABF
2021/05/30 23:42 info: disc 7pc66QF-91oicUhNAABH
2021/05/30 23:42 info: disc o6zqVIaSbN6TxPgcAABJ
2021/05/30 23:43 info: disc QGE33dOTZ8nCLWbMAABL
2021/05/30 23:43 info: disc NKBRvlpFUsbUjFiSAABN
2021/05/30 23:43 info: disc WM1aBjHD1j69_A6kAABP
2021/05/30 23:43 info: disc YEnho5OH-vNxP8OQAABR
2021/05/30 23:43 info: disc M828i5ML17DAXwOwAABT
2021/05/30 23:43 info: disc lkEjJnaAfIQu-BdBAABV
2021/05/30 23:43 info: disc y9Yfw7fRbxLs0o-vAABX
2021/05/30 23:43 info: disc QrzyqIwVzNLu8vVHAABZ
2021/05/30 23:43 info: disc cg290lLb4GwIDH_wAABb
2021/05/30 23:44 info: disc rU8gFIGr-T10WIsKAABd
2021/05/30 23:44 info: disc 0tDrSMTiCN6ykUaoAABf
2021/05/30 23:44 info: disc TUZKJhUTNa3SAbz0AABh
2021/05/30 23:44 info: disc y-Mi0lYHEYa0_2BLAABj
2021/05/30 23:44 info: disc LZakxHLFmMuwjWWIAABl
2021/05/30 23:44 info: disc rec0ctEzcdnf35qnAABn
2021/05/30 23:44 info: disc mYGDz-ttH_-ek2f3AABp
2021/05/30 23:44 info: disc NE2zMx5aq2M766LEAABr
2021/05/30 23:44 info: disc n4Nb-vsTG5h9R_clAABt
2021/05/30 23:44 info: disc GBMULatnuMyK5DDGAABv
2021/05/30 23:44 info: disc UByUEKiCI-n8CRwjAABx
2021/05/30 23:44 info: disc bFVTOwJ7ZxhyobpBAABz
2021/05/30 23:44 info: disc eMJOPfApmUojihS2AAB1
2021/05/30 23:44 info: disc BAJ39i4wqXLI1r-PAAB3
2021/05/30 23:44 info: disc _1tY36_jg-ggRjOUAAB5
2021/05/30 23:44 info: disc aNtHz7D6ObOXtnibAAB7
2021/05/30 23:44 info: disc _QVuhVgkcf4PtgGwAAB9
2021/05/30 23:44 info: disc V-1KJ72K7uDAWtflAAB_
2021/05/30 23:45 info: disc caBgd4LXAjq8wVabAACB
2021/05/30 23:45 info: disc 9KBWUT0CBDG_AixiAACD
2021/05/30 23:45 info: disc wImvOLRHJajKm1_BAACF
2021/05/30 23:45 info: disc lN2_OV216ExhwOToAACH
2021/05/30 23:45 info: disc BHBifYEGPJ5k6lFcAACJ
2021/05/30 23:45 info: disc h1VzIoValM6NK0qdAACL
2021/05/30 23:45 info: disc fjp22LU-M_SiRYzRAACN
2021/05/30 23:45 info: disc bLNLDXSkjV-Z78t_AACP
2021/05/30 23:45 info: disc BeiQsEeUQKRqlok9AACR
2021/05/30 23:45 info: disc ml1x5YNeQZZhkpAzAACT
2021/05/30 23:45 info: disc v1WDKZdqzffxtVU2AACV
2021/05/30 23:45 info: disc HXCyvGjWsbvOooLVAACX
2021/05/30 23:45 info: disc ItK8SXks298dyuCoAACZ
2021/05/30 23:46 info: disc E3HFi-2bPAGbWFXJAACb
2021/05/30 23:46 info: disc dkfzOJZ1OWDHeuKBAACd
