2021/06/01 00:38 info: disc 7516nD9oNrVSil-mAAAB
2021/06/01 00:38 error: error connecting: Error: read ECONNRESET
    at TCP.onStreamRead (internal/stream_base_commons.js:209:20)
    --------------------
    at Protocol._enqueue (/Users/minsekim/projects/campustaxi-nodejs/node_modules/mysql/lib/protocol/Protocol.js:144:48)
    at Connection.query (/Users/minsekim/projects/campustaxi-nodejs/node_modules/mysql/lib/Connection.js:198:25)
    at Socket.<anonymous> (/Users/minsekim/projects/campustaxi-nodejs/src/index.ts:304:17)
    at Socket.emit (events.js:376:20)
    at Socket.emit (domain.js:470:12)
    at /Users/minsekim/projects/campustaxi-nodejs/node_modules/socket.io/dist/socket.js:423:28
    at processTicksAndRejections (internal/process/task_queues.js:77:11)
2021/06/01 00:38 error: error connecting: Error: Cannot enqueue Query after fatal error.
    at Protocol._validateEnqueue (/Users/minsekim/projects/campustaxi-nodejs/node_modules/mysql/lib/protocol/Protocol.js:212:16)
    at Protocol._enqueue (/Users/minsekim/projects/campustaxi-nodejs/node_modules/mysql/lib/protocol/Protocol.js:138:13)
    at Connection.query (/Users/minsekim/projects/campustaxi-nodejs/node_modules/mysql/lib/Connection.js:198:25)
    at Socket.<anonymous> (/Users/minsekim/projects/campustaxi-nodejs/src/index.ts:304:17)
    at Socket.emit (events.js:376:20)
    at Socket.emit (domain.js:470:12)
    at /Users/minsekim/projects/campustaxi-nodejs/node_modules/socket.io/dist/socket.js:423:28
    at processTicksAndRejections (internal/process/task_queues.js:77:11)
2021/06/01 00:38 info: > received SIGNIT signal
